<?xml version="1.0" encoding="UTF-8" standalone="yes"?>
<testsuites name="Consulta_ServiciosProgramados" time="80" tests="7" failures="0" errors="0">
    <testsuite name="Consulta_ServiciosProgramados" tests="7" failures="0" errors="0" time="80" timestamp="2019-10-11 12:49:25" hostname="Ltoroc - P-Ltoroc.intergrupo.com" id="Test Suites/Modulo4_Mis Servicios - Portal Clientes/Consulta_ServiciosProgramados">
        <properties>
            <property name="deviceName" value=""/>
            <property name="devicePlatform" value=""/>
            <property name="logFolder" value="E:\\TORO\\INTERGRUPO\\AUTOMATIZACION_PROYECTOS\\PROYECTOS\\EMI\\PortalClientes_Web\\Reports\\20191011_124917\\Modulo4_Mis Servicios - Portal Clientes\\Consulta_ServiciosProgramados\\20191011_124917"/>
            <property name="logFiles" value="E:\\TORO\\INTERGRUPO\\AUTOMATIZACION_PROYECTOS\\PROYECTOS\\EMI\\PortalClientes_Web\\Reports\\20191011_124917\\Modulo4_Mis Servicios - Portal Clientes\\Consulta_ServiciosProgramados\\20191011_124917\\execution0.log"/>
            <property name="attachments" value=""/>
            <property name="hostName" value="Ltoroc - P-Ltoroc.intergrupo.com"/>
            <property name="os" value="Windows 10 32bit"/>
            <property name="katalonVersion" value="6.3.0.1"/>
            <property name="browser" value="Chrome 77.0.3865.90"/>
            <property name="hostAddress" value="192.168.0.14"/>
            <property name="sessionId" value="4e751908e8c7349ac2a1b4d5e6b0232b"/>
            <property name="seleniumVersion" value="3.141.59"/>
            <property name="proxyInformation" value="ProxyInformation{proxyOption=NO_PROXY, proxyServerType=HTTP, password=, proxyServerAddress=, proxyServerPort=0}"/>
            <property name="platform" value="Windows 10"/>
        </properties>
        <testcase name="Test Cases/Abrir Navegador/AbrirNavegador" classname="Test Cases/Abrir Navegador/AbrirNavegador" status="PASSED">
            <system-out>2019-10-11 12:49:25 - [TEST_CASE][PASSED] - Test Cases/Abrir Navegador/AbrirNavegador: Test Cases/Abrir Navegador/AbrirNavegador&#xD;
&#xD;
2019-10-11 12:49:25 - [TEST_STEP][PASSED] - openBrowser(""): Browser is opened with url: ''&#xD;
&#xD;
2019-10-11 12:49:26 - [MESSAGE][INFO] - Starting 'Chrome' driver&#xD;
&#xD;
2019-10-11 12:49:26 - [MESSAGE][INFO] - Action delay is set to 1 seconds&#xD;
&#xD;
2019-10-11 12:49:33 - [MESSAGE][PASSED] - Browser is opened with url: ''&#xD;
&#xD;
2019-10-11 12:49:33 - [TEST_STEP][PASSED] - maximizeWindow(): Current window maximized&#xD;
&#xD;
2019-10-11 12:49:35 - [MESSAGE][PASSED] - Current window maximized&#xD;
&#xD;
2019-10-11 12:49:35 - [TEST_STEP][PASSED] - navigateToUrl("https://test-portalclientesyventas-co.azurewebsites.net/login"): Navigate to 'https://test-portalclientesyventas-co.azurewebsites.net/login' successfully&#xD;
&#xD;
2019-10-11 12:49:40 - [MESSAGE][PASSED] - Navigate to 'https://test-portalclientesyventas-co.azurewebsites.net/login' successfully</system-out>
            <system-err></system-err>
        </testcase>
        <testcase name="Test Cases/Iniciar Sesion/IngresarInformacion" classname="Test Cases/Iniciar Sesion/IngresarInformacion" status="PASSED">
            <system-out>2019-10-11 12:49:40 - [TEST_CASE][PASSED] - Test Cases/Iniciar Sesion/IngresarInformacion: Test Cases/Iniciar Sesion/IngresarInformacion&#xD;
&#xD;
2019-10-11 12:49:41 - [TEST_STEP][PASSED] - navigateToUrl("https://test-portalclientesyventas-co.azurewebsites.net/login"): Navigate to 'https://test-portalclientesyventas-co.azurewebsites.net/login' successfully&#xD;
&#xD;
2019-10-11 12:49:42 - [MESSAGE][PASSED] - Navigate to 'https://test-portalclientesyventas-co.azurewebsites.net/login' successfully&#xD;
&#xD;
2019-10-11 12:49:42 - [TEST_STEP][PASSED] - setText(findTestObject("Object Repository/IniciarSesion/input_Correo electrnico_email"), "usuarioprueba1@yopmail.com"): Text 'usuarioprueba1@yopmail.com' is set on object 'Object Repository/IniciarSesion/input_Correo electrnico_email'&#xD;
&#xD;
2019-10-11 12:49:46 - [MESSAGE][PASSED] - Text 'usuarioprueba1@yopmail.com' is set on object 'Object Repository/IniciarSesion/input_Correo electrnico_email'&#xD;
&#xD;
2019-10-11 12:49:46 - [TEST_STEP][PASSED] - setEncryptedText(findTestObject("Object Repository/IniciarSesion/input_Contrasea_password"), "zpitzbFj1P6iY2h+x2z5qA=="): Text ****** has been set on object 'Object Repository/IniciarSesion/input_Contrasea_password'&#xD;
&#xD;
2019-10-11 12:49:50 - [MESSAGE][PASSED] - Text ****** has been set on object 'Object Repository/IniciarSesion/input_Contrasea_password'</system-out>
            <system-err></system-err>
        </testcase>
        <testcase name="Test Cases/Iniciar Sesion/SeleccionarBoton_Ingresar" classname="Test Cases/Iniciar Sesion/SeleccionarBoton_Ingresar" status="PASSED">
            <system-out>2019-10-11 12:49:50 - [TEST_CASE][PASSED] - Test Cases/Iniciar Sesion/SeleccionarBoton_Ingresar: Test Cases/Iniciar Sesion/SeleccionarBoton_Ingresar&#xD;
&#xD;
2019-10-11 12:49:50 - [TEST_STEP][PASSED] - click(findTestObject("IniciarSesion/button_INGRESAR")): Object: 'Object Repository/IniciarSesion/button_INGRESAR' is clicked on&#xD;
&#xD;
2019-10-11 12:49:52 - [MESSAGE][PASSED] - Object: 'Object Repository/IniciarSesion/button_INGRESAR' is clicked on&#xD;
&#xD;
2019-10-11 12:49:52 - [TEST_STEP][PASSED] - delay(25): Delayed 25 second(s)&#xD;
&#xD;
2019-10-11 12:50:17 - [MESSAGE][PASSED] - Delayed 25 second(s)</system-out>
            <system-err></system-err>
        </testcase>
        <testcase name="Test Cases/Mis Servicios/Servicios Programados/SeleccionarMenu_MisServicios" classname="Test Cases/Mis Servicios/Servicios Programados/SeleccionarMenu_MisServicios" status="PASSED">
            <system-out>2019-10-11 12:50:17 - [TEST_CASE][PASSED] - Test Cases/Mis Servicios/Servicios Programados/SeleccionarMenu_MisServicios: Test Cases/Mis Servicios/Servicios Programados/SeleccionarMenu_MisServicios&#xD;
&#xD;
2019-10-11 12:50:18 - [TEST_STEP][PASSED] - click(findTestObject("Object Repository/Modulo Mis Servicios/a_Mis servicios")): Object: 'Object Repository/Modulo Mis Servicios/a_Mis servicios' is clicked on&#xD;
&#xD;
2019-10-11 12:50:20 - [MESSAGE][PASSED] - Object: 'Object Repository/Modulo Mis Servicios/a_Mis servicios' is clicked on</system-out>
            <system-err></system-err>
        </testcase>
        <testcase name="Test Cases/Mis Servicios/Servicios Programados/SeleccionarOpcion_ServiciosProgramados" classname="Test Cases/Mis Servicios/Servicios Programados/SeleccionarOpcion_ServiciosProgramados" status="PASSED">
            <system-out>2019-10-11 12:50:20 - [TEST_CASE][PASSED] - Test Cases/Mis Servicios/Servicios Programados/SeleccionarOpcion_ServiciosProgramados: Test Cases/Mis Servicios/Servicios Programados/SeleccionarOpcion_ServiciosProgramados&#xD;
&#xD;
2019-10-11 12:50:20 - [TEST_STEP][PASSED] - click(findTestObject("Object Repository/Modulo Mis Servicios/a_Servicios programados")): Object: 'Object Repository/Modulo Mis Servicios/a_Servicios programados' is clicked on&#xD;
&#xD;
2019-10-11 12:50:22 - [MESSAGE][PASSED] - Object: 'Object Repository/Modulo Mis Servicios/a_Servicios programados' is clicked on</system-out>
            <system-err></system-err>
        </testcase>
        <testcase name="Test Cases/Mis Servicios/Servicios Programados/Cancelar Servicio Programado/SeleccionarOpcion_CancelarServicio" classname="Test Cases/Mis Servicios/Servicios Programados/Cancelar Servicio Programado/SeleccionarOpcion_CancelarServicio" status="PASSED">
            <system-out>2019-10-11 12:50:22 - [TEST_CASE][PASSED] - Test Cases/Mis Servicios/Servicios Programados/Cancelar Servicio Programado/SeleccionarOpcion_CancelarServicio: Test Cases/Mis Servicios/Servicios Programados/Cancelar Servicio Programado/SeleccionarOpcion_CancelarServicio&#xD;
&#xD;
2019-10-11 12:50:23 - [TEST_STEP][PASSED] - click(findTestObject("Object Repository/Servicios Programados/CancelarServicioProgramado/a_Cancelar servicio")): Object: 'Object Repository/Servicios Programados/CancelarServicioProgramado/a_Cancelar servicio' is clicked on&#xD;
&#xD;
2019-10-11 12:50:40 - [MESSAGE][PASSED] - Object: 'Object Repository/Servicios Programados/CancelarServicioProgramado/a_Cancelar servicio' is clicked on</system-out>
            <system-err></system-err>
        </testcase>
        <testcase name="Test Cases/Mis Servicios/Servicios Programados/Cancelar Servicio Programado/VisualizarRechazar_MensajeConfirmacion" classname="Test Cases/Mis Servicios/Servicios Programados/Cancelar Servicio Programado/VisualizarRechazar_MensajeConfirmacion" status="PASSED">
            <system-out>2019-10-11 12:50:40 - [TEST_CASE][PASSED] - Test Cases/Mis Servicios/Servicios Programados/Cancelar Servicio Programado/VisualizarRechazar_MensajeConfirmacion: Test Cases/Mis Servicios/Servicios Programados/Cancelar Servicio Programado/VisualizarRechazar_MensajeConfirmacion&#xD;
&#xD;
2019-10-11 12:50:41 - [TEST_STEP][PASSED] - click(findTestObject("Object Repository/Servicios Programados/CancelarServicioProgramado/p_Desea cancelar el servicio")): Object: 'Object Repository/Servicios Programados/CancelarServicioProgramado/p_Desea cancelar el servicio' is clicked on&#xD;
&#xD;
2019-10-11 12:50:43 - [MESSAGE][PASSED] - Object: 'Object Repository/Servicios Programados/CancelarServicioProgramado/p_Desea cancelar el servicio' is clicked on&#xD;
&#xD;
2019-10-11 12:50:43 - [TEST_STEP][PASSED] - click(findTestObject("Object Repository/Servicios Programados/CancelarServicioProgramado/button_NO")): Object: 'Object Repository/Servicios Programados/CancelarServicioProgramado/button_NO' is clicked on&#xD;
&#xD;
2019-10-11 12:50:45 - [MESSAGE][PASSED] - Object: 'Object Repository/Servicios Programados/CancelarServicioProgramado/button_NO' is clicked on</system-out>
            <system-err></system-err>
        </testcase>
        <system-out>2019-10-11 12:49:25 - [TEST_SUITE][INCOMPLETE] - Consulta_ServiciosProgramados: null</system-out>
        <system-err>2019-10-11 12:49:25 - [TEST_SUITE][INCOMPLETE] - Consulta_ServiciosProgramados: null</system-err>
    </testsuite>
</testsuites>
