<?xml version="1.0" encoding="UTF-8" standalone="yes"?>
<testsuites name="Cancelar_CambioCorreo" time="87" tests="8" failures="0" errors="0">
    <testsuite name="Cancelar_CambioCorreo" tests="8" failures="0" errors="0" time="87" timestamp="2019-10-08 15:45:02" hostname="Ltoroc - P-Ltoroc.intergrupo.com" id="Test Suites/Modulo1_Mi Cuenta/FlujoCompleto_ConfigurarCuenta/Editar Correo/Cancelar_CambioCorreo">
        <properties>
            <property name="deviceName" value=""/>
            <property name="devicePlatform" value=""/>
            <property name="logFolder" value="E:\\TORO\\INTERGRUPO\\AUTOMATIZACION_PROYECTOS\\PROYECTOS\\EMI\\PortalClientes_Web\\Reports\\20191008_154454\\Modulo1_Mi Cuenta\\FlujoCompleto_ConfigurarCuenta\\Editar Correo\\Cancelar_CambioCorreo\\20191008_154454"/>
            <property name="logFiles" value="E:\\TORO\\INTERGRUPO\\AUTOMATIZACION_PROYECTOS\\PROYECTOS\\EMI\\PortalClientes_Web\\Reports\\20191008_154454\\Modulo1_Mi Cuenta\\FlujoCompleto_ConfigurarCuenta\\Editar Correo\\Cancelar_CambioCorreo\\20191008_154454\\execution0.log"/>
            <property name="attachments" value=""/>
            <property name="hostName" value="Ltoroc - P-Ltoroc.intergrupo.com"/>
            <property name="os" value="Windows 10 32bit"/>
            <property name="katalonVersion" value="6.3.0.1"/>
            <property name="browser" value="Chrome 77.0.3865.90"/>
            <property name="hostAddress" value="192.168.0.14"/>
            <property name="sessionId" value="3a574da80f1440066392560aa5ab3096"/>
            <property name="seleniumVersion" value="3.141.59"/>
            <property name="proxyInformation" value="ProxyInformation{proxyOption=NO_PROXY, proxyServerType=HTTP, password=, proxyServerAddress=, proxyServerPort=0}"/>
            <property name="platform" value="Windows 10"/>
        </properties>
        <testcase name="Test Cases/Abrir Navegador/AbrirNavegador" classname="Test Cases/Abrir Navegador/AbrirNavegador" status="PASSED">
            <system-out>2019-10-08 15:45:02 - [TEST_CASE][PASSED] - Test Cases/Abrir Navegador/AbrirNavegador: Test Cases/Abrir Navegador/AbrirNavegador&#xD;
&#xD;
2019-10-08 15:45:03 - [TEST_STEP][PASSED] - openBrowser(""): Browser is opened with url: ''&#xD;
&#xD;
2019-10-08 15:45:03 - [MESSAGE][INFO] - Starting 'Chrome' driver&#xD;
&#xD;
2019-10-08 15:45:03 - [MESSAGE][INFO] - Action delay is set to 1 seconds&#xD;
&#xD;
2019-10-08 15:45:10 - [MESSAGE][PASSED] - Browser is opened with url: ''&#xD;
&#xD;
2019-10-08 15:45:10 - [TEST_STEP][PASSED] - maximizeWindow(): Current window maximized&#xD;
&#xD;
2019-10-08 15:45:12 - [MESSAGE][PASSED] - Current window maximized&#xD;
&#xD;
2019-10-08 15:45:12 - [TEST_STEP][PASSED] - navigateToUrl("https://test-portalclientesyventas-co.azurewebsites.net/login"): Navigate to 'https://test-portalclientesyventas-co.azurewebsites.net/login' successfully&#xD;
&#xD;
2019-10-08 15:45:17 - [MESSAGE][PASSED] - Navigate to 'https://test-portalclientesyventas-co.azurewebsites.net/login' successfully</system-out>
            <system-err></system-err>
        </testcase>
        <testcase name="Test Cases/Iniciar Sesion/IngresarInformacion" classname="Test Cases/Iniciar Sesion/IngresarInformacion" status="PASSED">
            <system-out>2019-10-08 15:45:17 - [TEST_CASE][PASSED] - Test Cases/Iniciar Sesion/IngresarInformacion: Test Cases/Iniciar Sesion/IngresarInformacion&#xD;
&#xD;
2019-10-08 15:45:17 - [TEST_STEP][PASSED] - navigateToUrl("https://test-portalclientesyventas-co.azurewebsites.net/login"): Navigate to 'https://test-portalclientesyventas-co.azurewebsites.net/login' successfully&#xD;
&#xD;
2019-10-08 15:45:19 - [MESSAGE][PASSED] - Navigate to 'https://test-portalclientesyventas-co.azurewebsites.net/login' successfully&#xD;
&#xD;
2019-10-08 15:45:19 - [TEST_STEP][PASSED] - setText(findTestObject("Object Repository/IniciarSesion/input_Correo electrnico_email"), "usuarioprueba1@yopmail.com"): Text 'usuarioprueba1@yopmail.com' is set on object 'Object Repository/IniciarSesion/input_Correo electrnico_email'&#xD;
&#xD;
2019-10-08 15:45:22 - [MESSAGE][PASSED] - Text 'usuarioprueba1@yopmail.com' is set on object 'Object Repository/IniciarSesion/input_Correo electrnico_email'&#xD;
&#xD;
2019-10-08 15:45:22 - [TEST_STEP][PASSED] - setEncryptedText(findTestObject("Object Repository/IniciarSesion/input_Contrasea_password"), "zpitzbFj1P6iY2h+x2z5qA=="): Text ****** has been set on object 'Object Repository/IniciarSesion/input_Contrasea_password'&#xD;
&#xD;
2019-10-08 15:45:26 - [MESSAGE][PASSED] - Text ****** has been set on object 'Object Repository/IniciarSesion/input_Contrasea_password'</system-out>
            <system-err></system-err>
        </testcase>
        <testcase name="Test Cases/Iniciar Sesion/SeleccionarBoton_Ingresar" classname="Test Cases/Iniciar Sesion/SeleccionarBoton_Ingresar" status="PASSED">
            <system-out>2019-10-08 15:45:26 - [TEST_CASE][PASSED] - Test Cases/Iniciar Sesion/SeleccionarBoton_Ingresar: Test Cases/Iniciar Sesion/SeleccionarBoton_Ingresar&#xD;
&#xD;
2019-10-08 15:45:26 - [TEST_STEP][PASSED] - click(findTestObject("IniciarSesion/button_INGRESAR")): Object: 'Object Repository/IniciarSesion/button_INGRESAR' is clicked on&#xD;
&#xD;
2019-10-08 15:45:28 - [MESSAGE][PASSED] - Object: 'Object Repository/IniciarSesion/button_INGRESAR' is clicked on&#xD;
&#xD;
2019-10-08 15:45:28 - [TEST_STEP][PASSED] - delay(30): Delayed 30 second(s)&#xD;
&#xD;
2019-10-08 15:45:58 - [MESSAGE][PASSED] - Delayed 30 second(s)</system-out>
            <system-err></system-err>
        </testcase>
        <testcase name="Test Cases/Mi Cuenta/Configurar Cuenta/SeleccionarMenu_MiCuenta" classname="Test Cases/Mi Cuenta/Configurar Cuenta/SeleccionarMenu_MiCuenta" status="PASSED">
            <system-out>2019-10-08 15:45:58 - [TEST_CASE][PASSED] - Test Cases/Mi Cuenta/Configurar Cuenta/SeleccionarMenu_MiCuenta: Test Cases/Mi Cuenta/Configurar Cuenta/SeleccionarMenu_MiCuenta&#xD;
&#xD;
2019-10-08 15:45:58 - [TEST_STEP][PASSED] - click(findTestObject("Object Repository/Modulo Mi Cuenta/a_Mi cuenta")): Object: 'Object Repository/Modulo Mi Cuenta/a_Mi cuenta' is clicked on&#xD;
&#xD;
2019-10-08 15:46:01 - [MESSAGE][PASSED] - Object: 'Object Repository/Modulo Mi Cuenta/a_Mi cuenta' is clicked on&#xD;
&#xD;
2019-10-08 15:46:01 - [TEST_STEP][PASSED] - waitForElementClickable(findTestObject("Modulo Mi Cuenta/a_Mi cuenta"), 10): Web element with id: 'Object Repository/Modulo Mi Cuenta/a_Mi cuenta' located by 'By.xpath: id("conten1")/nav[@class="navbar navbar-default sidebar"]/div[1]/div[1]/ms-sidenav[1]/ul[@class="nav navbar-nav"]/ms-sidenav-item[@class="sidenav-item"]/li[@class="dropdown"]/a[@id="dropdown-items-menu"][count(. | //*[@href = '#' and @id = 'dropdown-items-menu' and (text() = '
    Mi cuenta
    
  ' or . = '
    Mi cuenta
    
  ')]) = count(//*[@href = '#' and @id = 'dropdown-items-menu' and (text() = '
    Mi cuenta
    
  ' or . = '
    Mi cuenta
    
  ')])]' not found&#xD;
&#xD;
2019-10-08 15:46:12 - [MESSAGE][INFO] - Unable to find the element located by 'By.xpath: id("conten1")/nav[@class="navbar navbar-default sidebar"]/div[1]/div[1]/ms-sidenav[1]/ul[@class="nav navbar-nav"]/ms-sidenav-item[@class="sidenav-item"]/li[@class="dropdown"]/a[@id="dropdown-items-menu"][count(. | //*[@href = '#' and @id = 'dropdown-items-menu' and (text() = '
    Mi cuenta
    
  ' or . = '
    Mi cuenta
    
  ')]) = count(//*[@href = '#' and @id = 'dropdown-items-menu' and (text() = '
    Mi cuenta
    
  ' or . = '
    Mi cuenta
    
  ')])]'. Please recheck the objects properties to make sure the desired element is located. &#xD;
&#xD;
2019-10-08 15:46:12 - [MESSAGE][WARNING] - Web element with id: 'Object Repository/Modulo Mi Cuenta/a_Mi cuenta' located by 'By.xpath: id("conten1")/nav[@class="navbar navbar-default sidebar"]/div[1]/div[1]/ms-sidenav[1]/ul[@class="nav navbar-nav"]/ms-sidenav-item[@class="sidenav-item"]/li[@class="dropdown"]/a[@id="dropdown-items-menu"][count(. | //*[@href = '#' and @id = 'dropdown-items-menu' and (text() = '
    Mi cuenta
    
  ' or . = '
    Mi cuenta
    
  ')]) = count(//*[@href = '#' and @id = 'dropdown-items-menu' and (text() = '
    Mi cuenta
    
  ' or . = '
    Mi cuenta
    
  ')])]' not found</system-out>
            <system-err></system-err>
        </testcase>
        <testcase name="Test Cases/Mi Cuenta/Configurar Cuenta/SeleccionarOpcion_ConfigurarCuenta" classname="Test Cases/Mi Cuenta/Configurar Cuenta/SeleccionarOpcion_ConfigurarCuenta" status="PASSED">
            <system-out>2019-10-08 15:46:12 - [TEST_CASE][PASSED] - Test Cases/Mi Cuenta/Configurar Cuenta/SeleccionarOpcion_ConfigurarCuenta: Test Cases/Mi Cuenta/Configurar Cuenta/SeleccionarOpcion_ConfigurarCuenta&#xD;
&#xD;
2019-10-08 15:46:12 - [TEST_STEP][PASSED] - click(findTestObject("Object Repository/Modulo Mi Cuenta/a_Configurar cuenta")): Object: 'Object Repository/Modulo Mi Cuenta/a_Configurar cuenta' is clicked on&#xD;
&#xD;
2019-10-08 15:46:14 - [MESSAGE][PASSED] - Object: 'Object Repository/Modulo Mi Cuenta/a_Configurar cuenta' is clicked on</system-out>
            <system-err></system-err>
        </testcase>
        <testcase name="Test Cases/Mi Cuenta/Configurar Cuenta/Editar Correo Electronico/SeleccionarTab_EditarCorreo" classname="Test Cases/Mi Cuenta/Configurar Cuenta/Editar Correo Electronico/SeleccionarTab_EditarCorreo" status="PASSED">
            <system-out>2019-10-08 15:46:14 - [TEST_CASE][PASSED] - Test Cases/Mi Cuenta/Configurar Cuenta/Editar Correo Electronico/SeleccionarTab_EditarCorreo: Test Cases/Mi Cuenta/Configurar Cuenta/Editar Correo Electronico/SeleccionarTab_EditarCorreo&#xD;
&#xD;
2019-10-08 15:46:14 - [TEST_STEP][PASSED] - click(findTestObject("Configurar Cuenta/Editar Correo/a_Editar correo electrnico")): Object: 'Object Repository/Configurar Cuenta/Editar Correo/a_Editar correo electrnico' is clicked on&#xD;
&#xD;
2019-10-08 15:46:17 - [MESSAGE][PASSED] - Object: 'Object Repository/Configurar Cuenta/Editar Correo/a_Editar correo electrnico' is clicked on</system-out>
            <system-err></system-err>
        </testcase>
        <testcase name="Test Cases/Mi Cuenta/Configurar Cuenta/Editar Correo Electronico/IngresarInformacion" classname="Test Cases/Mi Cuenta/Configurar Cuenta/Editar Correo Electronico/IngresarInformacion" status="PASSED">
            <system-out>2019-10-08 15:46:17 - [TEST_CASE][PASSED] - Test Cases/Mi Cuenta/Configurar Cuenta/Editar Correo Electronico/IngresarInformacion: Test Cases/Mi Cuenta/Configurar Cuenta/Editar Correo Electronico/IngresarInformacion&#xD;
&#xD;
2019-10-08 15:46:17 - [TEST_STEP][PASSED] - setText(findTestObject("Configurar Cuenta/Editar Correo/input_() Correo electrnico actual_AuthenticationEmail"), "usuarioprueba1@yopmail.com"): Text 'usuarioprueba1@yopmail.com' is set on object 'Object Repository/Configurar Cuenta/Editar Correo/input_() Correo electrnico actual_AuthenticationEmail'&#xD;
&#xD;
2019-10-08 15:46:20 - [MESSAGE][PASSED] - Text 'usuarioprueba1@yopmail.com' is set on object 'Object Repository/Configurar Cuenta/Editar Correo/input_() Correo electrnico actual_AuthenticationEmail'&#xD;
&#xD;
2019-10-08 15:46:20 - [TEST_STEP][PASSED] - setText(findTestObject("Configurar Cuenta/Editar Correo/input_() Nuevo correo electrnico_Email"), "usuarioprueba2@yopmail.com"): Text 'usuarioprueba2@yopmail.com' is set on object 'Object Repository/Configurar Cuenta/Editar Correo/input_() Nuevo correo electrnico_Email'&#xD;
&#xD;
2019-10-08 15:46:24 - [MESSAGE][PASSED] - Text 'usuarioprueba2@yopmail.com' is set on object 'Object Repository/Configurar Cuenta/Editar Correo/input_() Nuevo correo electrnico_Email'&#xD;
&#xD;
2019-10-08 15:46:24 - [TEST_STEP][PASSED] - setText(findTestObject("Configurar Cuenta/Editar Correo/input_() Confirmar correo electrnico_RepeatEmail"), "usuarioprueba2@yopmail.com"): Text 'usuarioprueba2@yopmail.com' is set on object 'Object Repository/Configurar Cuenta/Editar Correo/input_() Confirmar correo electrnico_RepeatEmail'&#xD;
&#xD;
2019-10-08 15:46:27 - [MESSAGE][PASSED] - Text 'usuarioprueba2@yopmail.com' is set on object 'Object Repository/Configurar Cuenta/Editar Correo/input_() Confirmar correo electrnico_RepeatEmail'</system-out>
            <system-err></system-err>
        </testcase>
        <testcase name="Test Cases/Mi Cuenta/Configurar Cuenta/Editar Correo Electronico/SeleccionarBoton_Cancelar" classname="Test Cases/Mi Cuenta/Configurar Cuenta/Editar Correo Electronico/SeleccionarBoton_Cancelar" status="PASSED">
            <system-out>2019-10-08 15:46:27 - [TEST_CASE][PASSED] - Test Cases/Mi Cuenta/Configurar Cuenta/Editar Correo Electronico/SeleccionarBoton_Cancelar: Test Cases/Mi Cuenta/Configurar Cuenta/Editar Correo Electronico/SeleccionarBoton_Cancelar&#xD;
&#xD;
2019-10-08 15:46:27 - [TEST_STEP][PASSED] - click(findTestObject("Object Repository/Configurar Cuenta/Editar Correo/button_Cancelar")): Object: 'Object Repository/Configurar Cuenta/Editar Correo/button_Cancelar' is clicked on&#xD;
&#xD;
2019-10-08 15:46:30 - [MESSAGE][PASSED] - Object: 'Object Repository/Configurar Cuenta/Editar Correo/button_Cancelar' is clicked on</system-out>
            <system-err></system-err>
        </testcase>
        <system-out>2019-10-08 15:45:02 - [TEST_SUITE][INCOMPLETE] - Cancelar_CambioCorreo: null</system-out>
        <system-err>2019-10-08 15:45:02 - [TEST_SUITE][INCOMPLETE] - Cancelar_CambioCorreo: null</system-err>
    </testsuite>
</testsuites>
