<?xml version="1.0" encoding="UTF-8" standalone="yes"?>
<testsuites name="IngresarOpcionConEspecialistas" time="121" tests="5" failures="1" errors="0">
    <testsuite name="IngresarOpcionConEspecialistas" tests="5" failures="1" errors="0" time="121" timestamp="2019-10-15 15:12:16" hostname="Dzapatal - p-dzapatal.intergrupo.com" id="Test Suites/Modulo5_ Servicio Al Cliente/IngresarOpcionConEspecialistas">
        <properties>
            <property name="deviceName" value=""/>
            <property name="devicePlatform" value=""/>
            <property name="logFolder" value="C:\\Users\\dzapatal\\git\\PortalClientes_Web\\Reports\\20191015_151214\\Modulo5_ Servicio Al Cliente\\IngresarOpcionConEspecialistas\\20191015_151214"/>
            <property name="logFiles" value="C:\\Users\\dzapatal\\git\\PortalClientes_Web\\Reports\\20191015_151214\\Modulo5_ Servicio Al Cliente\\IngresarOpcionConEspecialistas\\20191015_151214\\execution0.log"/>
            <property name="attachments" value="C:\\Users\\dzapatal\\git\\PortalClientes_Web\\Reports\\20191015_151214\\Modulo5_ Servicio Al Cliente\\IngresarOpcionConEspecialistas\\20191015_151214\\1571170456868.png"/>
            <property name="hostName" value="Dzapatal - p-dzapatal.intergrupo.com"/>
            <property name="os" value="Windows 10 32bit"/>
            <property name="katalonVersion" value="6.3.0.1"/>
            <property name="browser" value="Chrome 77.0.3865.120"/>
            <property name="hostAddress" value="10.60.7.157"/>
            <property name="sessionId" value="366c451b56c6c826cba79d941d9aa486"/>
            <property name="seleniumVersion" value="3.141.59"/>
            <property name="proxyInformation" value="ProxyInformation{proxyOption=NO_PROXY, proxyServerType=HTTP, password=, proxyServerAddress=, proxyServerPort=0}"/>
            <property name="platform" value="Windows 10"/>
        </properties>
        <testcase name="Test Cases/Abrir Navegador/AbrirNavegador" classname="Test Cases/Abrir Navegador/AbrirNavegador" status="PASSED">
            <system-out>2019-10-15 15:12:16 - [TEST_CASE][PASSED] - Test Cases/Abrir Navegador/AbrirNavegador: Test Cases/Abrir Navegador/AbrirNavegador&#xD;
&#xD;
2019-10-15 15:12:16 - [TEST_STEP][PASSED] - openBrowser(""): Browser is opened with url: ''&#xD;
&#xD;
2019-10-15 15:12:17 - [MESSAGE][INFO] - Starting 'Chrome' driver&#xD;
&#xD;
2019-10-15 15:12:17 - [MESSAGE][INFO] - Action delay is set to 1 seconds&#xD;
&#xD;
2019-10-15 15:12:23 - [MESSAGE][PASSED] - Browser is opened with url: ''&#xD;
&#xD;
2019-10-15 15:12:23 - [TEST_STEP][PASSED] - maximizeWindow(): Current window maximized&#xD;
&#xD;
2019-10-15 15:12:25 - [MESSAGE][PASSED] - Current window maximized&#xD;
&#xD;
2019-10-15 15:12:25 - [TEST_STEP][PASSED] - navigateToUrl("https://test-portalclientesyventas-co.azurewebsites.net/login"): Navigate to 'https://test-portalclientesyventas-co.azurewebsites.net/login' successfully&#xD;
&#xD;
2019-10-15 15:12:31 - [MESSAGE][PASSED] - Navigate to 'https://test-portalclientesyventas-co.azurewebsites.net/login' successfully</system-out>
            <system-err></system-err>
        </testcase>
        <testcase name="Test Cases/Iniciar Sesion/IngresarInformacion" classname="Test Cases/Iniciar Sesion/IngresarInformacion" status="PASSED">
            <system-out>2019-10-15 15:12:31 - [TEST_CASE][PASSED] - Test Cases/Iniciar Sesion/IngresarInformacion: Test Cases/Iniciar Sesion/IngresarInformacion&#xD;
&#xD;
2019-10-15 15:12:31 - [TEST_STEP][PASSED] - navigateToUrl("https://test-portalclientesyventas-co.azurewebsites.net/login"): Navigate to 'https://test-portalclientesyventas-co.azurewebsites.net/login' successfully&#xD;
&#xD;
2019-10-15 15:12:33 - [MESSAGE][PASSED] - Navigate to 'https://test-portalclientesyventas-co.azurewebsites.net/login' successfully&#xD;
&#xD;
2019-10-15 15:12:33 - [TEST_STEP][PASSED] - setText(findTestObject("Object Repository/IniciarSesion/input_Correo electrnico_email"), "usuarioprueba1@yopmail.com"): Text 'usuarioprueba1@yopmail.com' is set on object 'Object Repository/IniciarSesion/input_Correo electrnico_email'&#xD;
&#xD;
2019-10-15 15:12:36 - [MESSAGE][PASSED] - Text 'usuarioprueba1@yopmail.com' is set on object 'Object Repository/IniciarSesion/input_Correo electrnico_email'&#xD;
&#xD;
2019-10-15 15:12:36 - [TEST_STEP][PASSED] - setEncryptedText(findTestObject("Object Repository/IniciarSesion/input_Contrasea_password"), "zpitzbFj1P6iY2h+x2z5qA=="): Text ****** has been set on object 'Object Repository/IniciarSesion/input_Contrasea_password'&#xD;
&#xD;
2019-10-15 15:12:40 - [MESSAGE][PASSED] - Text ****** has been set on object 'Object Repository/IniciarSesion/input_Contrasea_password'</system-out>
            <system-err></system-err>
        </testcase>
        <testcase name="Test Cases/Iniciar Sesion/SeleccionarBoton_Ingresar" classname="Test Cases/Iniciar Sesion/SeleccionarBoton_Ingresar" status="PASSED">
            <system-out>2019-10-15 15:12:40 - [TEST_CASE][PASSED] - Test Cases/Iniciar Sesion/SeleccionarBoton_Ingresar: Test Cases/Iniciar Sesion/SeleccionarBoton_Ingresar&#xD;
&#xD;
2019-10-15 15:12:40 - [TEST_STEP][PASSED] - click(findTestObject("IniciarSesion/button_INGRESAR")): Object: 'Object Repository/IniciarSesion/button_INGRESAR' is clicked on&#xD;
&#xD;
2019-10-15 15:12:42 - [MESSAGE][PASSED] - Object: 'Object Repository/IniciarSesion/button_INGRESAR' is clicked on&#xD;
&#xD;
2019-10-15 15:12:42 - [TEST_STEP][PASSED] - delay(25): Delayed 25 second(s)&#xD;
&#xD;
2019-10-15 15:13:07 - [MESSAGE][PASSED] - Delayed 25 second(s)</system-out>
            <system-err></system-err>
        </testcase>
        <testcase name="Test Cases/Servicio Al Cliente/SeleccionarOpcionServicioAlCliente" classname="Test Cases/Servicio Al Cliente/SeleccionarOpcionServicioAlCliente" status="PASSED">
            <system-out>2019-10-15 15:13:07 - [TEST_CASE][PASSED] - Test Cases/Servicio Al Cliente/SeleccionarOpcionServicioAlCliente: Test Cases/Servicio Al Cliente/SeleccionarOpcionServicioAlCliente&#xD;
&#xD;
2019-10-15 15:13:08 - [TEST_STEP][PASSED] - click(findTestObject("Object Repository/Servicio Al Cliente/a_Servicio al Cliente")): Object: 'Object Repository/Servicio Al Cliente/a_Servicio al Cliente' is clicked on&#xD;
&#xD;
2019-10-15 15:13:10 - [MESSAGE][PASSED] - Object: 'Object Repository/Servicio Al Cliente/a_Servicio al Cliente' is clicked on</system-out>
            <system-err></system-err>
        </testcase>
        <testcase name="Test Cases/Servicio Al Cliente/PreguntasFrecuentes/SeleccionarPreguntasFrecuentes" classname="Test Cases/Servicio Al Cliente/PreguntasFrecuentes/SeleccionarPreguntasFrecuentes" status="PASSED">
            <system-out>2019-10-15 15:13:10 - [TEST_CASE][PASSED] - Test Cases/Servicio Al Cliente/PreguntasFrecuentes/SeleccionarPreguntasFrecuentes: Test Cases/Servicio Al Cliente/PreguntasFrecuentes/SeleccionarPreguntasFrecuentes&#xD;
&#xD;
2019-10-15 15:13:10 - [TEST_STEP][PASSED] - click(findTestObject("Object Repository/Servicio Al Cliente/a_Preguntas frecuentes")): Object: 'Object Repository/Servicio Al Cliente/a_Preguntas frecuentes' is clicked on&#xD;
&#xD;
2019-10-15 15:13:13 - [MESSAGE][PASSED] - Object: 'Object Repository/Servicio Al Cliente/a_Preguntas frecuentes' is clicked on</system-out>
            <system-err></system-err>
        </testcase>
        <testcase name="Test Cases/Servicio Al Cliente/PreguntasFrecuentes/SeleccionarOpcionCitasConEspecialistas" classname="Test Cases/Servicio Al Cliente/PreguntasFrecuentes/SeleccionarOpcionCitasConEspecialistas" status="FAILED">
            <failure type="FAILED" message="Test Cases/Servicio Al Cliente/PreguntasFrecuentes/SeleccionarOpcionCitasConEspecialistas FAILED.&#xA;Reason:&#xA;com.kms.katalon.core.exception.StepFailedException: Unable to get text of object 'Object Repository/Servicio Al Cliente/a_Citas con especialistas'&#xD;&#xA;&#x9;at com.kms.katalon.core.webui.keyword.internal.WebUIKeywordMain.stepFailed(WebUIKeywordMain.groovy:64)&#xD;&#xA;&#x9;at com.kms.katalon.core.webui.keyword.internal.WebUIKeywordMain.runKeyword(WebUIKeywordMain.groovy:26)&#xD;&#xA;&#x9;at com.kms.katalon.core.webui.keyword.builtin.GetTextKeyword.getText(GetTextKeyword.groovy:88)&#xD;&#xA;&#x9;at com.kms.katalon.core.webui.keyword.builtin.GetTextKeyword.execute(GetTextKeyword.groovy:67)&#xD;&#xA;&#x9;at com.kms.katalon.core.keyword.internal.KeywordExecutor.executeKeywordForPlatform(KeywordExecutor.groovy:56)&#xD;&#xA;&#x9;at com.kms.katalon.core.webui.keyword.WebUiBuiltInKeywords.getText(WebUiBuiltInKeywords.groovy:888)&#xD;&#xA;&#x9;at com.kms.katalon.core.webui.keyword.WebUiBuiltInKeywords$getText$5.call(Unknown Source)&#xD;&#xA;&#x9;at SeleccionarOpcionCitasConEspecialistas.run(SeleccionarOpcionCitasConEspecialistas:19)&#xD;&#xA;&#x9;at com.kms.katalon.core.main.ScriptEngine.run(ScriptEngine.java:194)&#xD;&#xA;&#x9;at com.kms.katalon.core.main.ScriptEngine.runScriptAsRawText(ScriptEngine.java:119)&#xD;&#xA;&#x9;at com.kms.katalon.core.main.TestCaseExecutor.runScript(TestCaseExecutor.java:337)&#xD;&#xA;&#x9;at com.kms.katalon.core.main.TestCaseExecutor.doExecute(TestCaseExecutor.java:328)&#xD;&#xA;&#x9;at com.kms.katalon.core.main.TestCaseExecutor.processExecutionPhase(TestCaseExecutor.java:307)&#xD;&#xA;&#x9;at com.kms.katalon.core.main.TestCaseExecutor.accessMainPhase(TestCaseExecutor.java:299)&#xD;&#xA;&#x9;at com.kms.katalon.core.main.TestCaseExecutor.execute(TestCaseExecutor.java:233)&#xD;&#xA;&#x9;at com.kms.katalon.core.main.TestSuiteExecutor.accessTestCaseMainPhase(TestSuiteExecutor.java:150)&#xD;&#xA;&#x9;at com.kms.katalon.core.main.TestSuiteExecutor.accessTestSuiteMainPhase(TestSuiteExecutor.java:123)&#xD;&#xA;&#x9;at com.kms.katalon.core.main.TestSuiteExecutor.execute(TestSuiteExecutor.java:87)&#xD;&#xA;&#x9;at com.kms.katalon.core.main.TestCaseMain.startTestSuite(TestCaseMain.java:157)&#xD;&#xA;&#x9;at com.kms.katalon.core.main.TestCaseMain$startTestSuite$0.call(Unknown Source)&#xD;&#xA;&#x9;at TempTestSuite1571170334189.run(TempTestSuite1571170334189.groovy:35)&#xD;&#xA;Caused by: com.kms.katalon.core.webui.exception.WebElementNotFoundException: Web element with id: 'Object Repository/Servicio Al Cliente/a_Citas con especialistas' located by 'By.xpath: //div[@id='conten2']/div/app-faqs/section[2]/article[2]/div/div/div/div/div/ul/li/a' not found&#xD;&#xA;&#x9;at com.kms.katalon.core.webui.common.WebUiCommonHelper.findWebElement(WebUiCommonHelper.java:1097)&#xD;&#xA;&#x9;at com.kms.katalon.core.webui.keyword.internal.WebUIAbstractKeyword.findWebElement(WebUIAbstractKeyword.groovy:27)&#xD;&#xA;&#x9;at com.kms.katalon.core.webui.keyword.internal.WebUIAbstractKeyword.findWebElement(WebUIAbstractKeyword.groovy:26)&#xD;&#xA;&#x9;at com.kms.katalon.core.webui.keyword.builtin.GetTextKeyword$_getText_closure1.doCall(GetTextKeyword.groovy:78)&#xD;&#xA;&#x9;at com.kms.katalon.core.webui.keyword.builtin.GetTextKeyword$_getText_closure1.call(GetTextKeyword.groovy)&#xD;&#xA;&#x9;at com.kms.katalon.core.webui.keyword.internal.WebUIKeywordMain.runKeyword(WebUIKeywordMain.groovy:20)&#xD;&#xA;&#x9;... 19 more&#xD;&#xA;"/>
            <system-out>2019-10-15 15:13:13 - [TEST_CASE][FAILED] - Test Cases/Servicio Al Cliente/PreguntasFrecuentes/SeleccionarOpcionCitasConEspecialistas: Test Cases/Servicio Al Cliente/PreguntasFrecuentes/SeleccionarOpcionCitasConEspecialistas FAILED.
Reason:
com.kms.katalon.core.exception.StepFailedException: Unable to get text of object 'Object Repository/Servicio Al Cliente/a_Citas con especialistas'&#xD;
	at com.kms.katalon.core.webui.keyword.internal.WebUIKeywordMain.stepFailed(WebUIKeywordMain.groovy:64)&#xD;
	at com.kms.katalon.core.webui.keyword.internal.WebUIKeywordMain.runKeyword(WebUIKeywordMain.groovy:26)&#xD;
	at com.kms.katalon.core.webui.keyword.builtin.GetTextKeyword.getText(GetTextKeyword.groovy:88)&#xD;
	at com.kms.katalon.core.webui.keyword.builtin.GetTextKeyword.execute(GetTextKeyword.groovy:67)&#xD;
	at com.kms.katalon.core.keyword.internal.KeywordExecutor.executeKeywordForPlatform(KeywordExecutor.groovy:56)&#xD;
	at com.kms.katalon.core.webui.keyword.WebUiBuiltInKeywords.getText(WebUiBuiltInKeywords.groovy:888)&#xD;
	at com.kms.katalon.core.webui.keyword.WebUiBuiltInKeywords$getText$5.call(Unknown Source)&#xD;
	at SeleccionarOpcionCitasConEspecialistas.run(SeleccionarOpcionCitasConEspecialistas:19)&#xD;
	at com.kms.katalon.core.main.ScriptEngine.run(ScriptEngine.java:194)&#xD;
	at com.kms.katalon.core.main.ScriptEngine.runScriptAsRawText(ScriptEngine.java:119)&#xD;
	at com.kms.katalon.core.main.TestCaseExecutor.runScript(TestCaseExecutor.java:337)&#xD;
	at com.kms.katalon.core.main.TestCaseExecutor.doExecute(TestCaseExecutor.java:328)&#xD;
	at com.kms.katalon.core.main.TestCaseExecutor.processExecutionPhase(TestCaseExecutor.java:307)&#xD;
	at com.kms.katalon.core.main.TestCaseExecutor.accessMainPhase(TestCaseExecutor.java:299)&#xD;
	at com.kms.katalon.core.main.TestCaseExecutor.execute(TestCaseExecutor.java:233)&#xD;
	at com.kms.katalon.core.main.TestSuiteExecutor.accessTestCaseMainPhase(TestSuiteExecutor.java:150)&#xD;
	at com.kms.katalon.core.main.TestSuiteExecutor.accessTestSuiteMainPhase(TestSuiteExecutor.java:123)&#xD;
	at com.kms.katalon.core.main.TestSuiteExecutor.execute(TestSuiteExecutor.java:87)&#xD;
	at com.kms.katalon.core.main.TestCaseMain.startTestSuite(TestCaseMain.java:157)&#xD;
	at com.kms.katalon.core.main.TestCaseMain$startTestSuite$0.call(Unknown Source)&#xD;
	at TempTestSuite1571170334189.run(TempTestSuite1571170334189.groovy:35)&#xD;
Caused by: com.kms.katalon.core.webui.exception.WebElementNotFoundException: Web element with id: 'Object Repository/Servicio Al Cliente/a_Citas con especialistas' located by 'By.xpath: //div[@id='conten2']/div/app-faqs/section[2]/article[2]/div/div/div/div/div/ul/li/a' not found&#xD;
	at com.kms.katalon.core.webui.common.WebUiCommonHelper.findWebElement(WebUiCommonHelper.java:1097)&#xD;
	at com.kms.katalon.core.webui.keyword.internal.WebUIAbstractKeyword.findWebElement(WebUIAbstractKeyword.groovy:27)&#xD;
	at com.kms.katalon.core.webui.keyword.internal.WebUIAbstractKeyword.findWebElement(WebUIAbstractKeyword.groovy:26)&#xD;
	at com.kms.katalon.core.webui.keyword.builtin.GetTextKeyword$_getText_closure1.doCall(GetTextKeyword.groovy:78)&#xD;
	at com.kms.katalon.core.webui.keyword.builtin.GetTextKeyword$_getText_closure1.call(GetTextKeyword.groovy)&#xD;
	at com.kms.katalon.core.webui.keyword.internal.WebUIKeywordMain.runKeyword(WebUIKeywordMain.groovy:20)&#xD;
	... 19 more&#xD;
&#xD;
&#xD;
2019-10-15 15:13:13 - [TEST_STEP][PASSED] - click(findTestObject("Object Repository/Servicio Al Cliente/a_Citas con especialistas")): Object: 'Object Repository/Servicio Al Cliente/a_Citas con especialistas' is clicked on&#xD;
&#xD;
2019-10-15 15:13:15 - [MESSAGE][PASSED] - Object: 'Object Repository/Servicio Al Cliente/a_Citas con especialistas' is clicked on&#xD;
&#xD;
2019-10-15 15:13:15 - [TEST_STEP][FAILED] - result = getText(findTestObject("Object Repository/Servicio Al Cliente/a_Citas con especialistas")): Unable to get text of object 'Object Repository/Servicio Al Cliente/a_Citas con especialistas' (Root cause: com.kms.katalon.core.exception.StepFailedException: Unable to get text of object 'Object Repository/Servicio Al Cliente/a_Citas con especialistas'&#xD;
	at com.kms.katalon.core.webui.keyword.internal.WebUIKeywordMain.stepFailed(WebUIKeywordMain.groovy:64)&#xD;
	at com.kms.katalon.core.webui.keyword.internal.WebUIKeywordMain.runKeyword(WebUIKeywordMain.groovy:26)&#xD;
	at com.kms.katalon.core.webui.keyword.builtin.GetTextKeyword.getText(GetTextKeyword.groovy:88)&#xD;
	at com.kms.katalon.core.webui.keyword.builtin.GetTextKeyword.execute(GetTextKeyword.groovy:67)&#xD;
	at com.kms.katalon.core.keyword.internal.KeywordExecutor.executeKeywordForPlatform(KeywordExecutor.groovy:56)&#xD;
	at com.kms.katalon.core.webui.keyword.WebUiBuiltInKeywords.getText(WebUiBuiltInKeywords.groovy:888)&#xD;
	at com.kms.katalon.core.webui.keyword.WebUiBuiltInKeywords$getText$5.call(Unknown Source)&#xD;
	at SeleccionarOpcionCitasConEspecialistas.run(SeleccionarOpcionCitasConEspecialistas:19)&#xD;
	at com.kms.katalon.core.main.ScriptEngine.run(ScriptEngine.java:194)&#xD;
	at com.kms.katalon.core.main.ScriptEngine.runScriptAsRawText(ScriptEngine.java:119)&#xD;
	at com.kms.katalon.core.main.TestCaseExecutor.runScript(TestCaseExecutor.java:337)&#xD;
	at com.kms.katalon.core.main.TestCaseExecutor.doExecute(TestCaseExecutor.java:328)&#xD;
	at com.kms.katalon.core.main.TestCaseExecutor.processExecutionPhase(TestCaseExecutor.java:307)&#xD;
	at com.kms.katalon.core.main.TestCaseExecutor.accessMainPhase(TestCaseExecutor.java:299)&#xD;
	at com.kms.katalon.core.main.TestCaseExecutor.execute(TestCaseExecutor.java:233)&#xD;
	at com.kms.katalon.core.main.TestSuiteExecutor.accessTestCaseMainPhase(TestSuiteExecutor.java:150)&#xD;
	at com.kms.katalon.core.main.TestSuiteExecutor.accessTestSuiteMainPhase(TestSuiteExecutor.java:123)&#xD;
	at com.kms.katalon.core.main.TestSuiteExecutor.execute(TestSuiteExecutor.java:87)&#xD;
	at com.kms.katalon.core.main.TestCaseMain.startTestSuite(TestCaseMain.java:157)&#xD;
	at com.kms.katalon.core.main.TestCaseMain$startTestSuite$0.call(Unknown Source)&#xD;
	at TempTestSuite1571170334189.run(TempTestSuite1571170334189.groovy:35)&#xD;
Caused by: com.kms.katalon.core.webui.exception.WebElementNotFoundException: Web element with id: 'Object Repository/Servicio Al Cliente/a_Citas con especialistas' located by 'By.xpath: //div[@id='conten2']/div/app-faqs/section[2]/article[2]/div/div/div/div/div/ul/li/a' not found&#xD;
	at com.kms.katalon.core.webui.common.WebUiCommonHelper.findWebElement(WebUiCommonHelper.java:1097)&#xD;
	at com.kms.katalon.core.webui.keyword.internal.WebUIAbstractKeyword.findWebElement(WebUIAbstractKeyword.groovy:27)&#xD;
	at com.kms.katalon.core.webui.keyword.internal.WebUIAbstractKeyword.findWebElement(WebUIAbstractKeyword.groovy:26)&#xD;
	at com.kms.katalon.core.webui.keyword.builtin.GetTextKeyword$_getText_closure1.doCall(GetTextKeyword.groovy:78)&#xD;
	at com.kms.katalon.core.webui.keyword.builtin.GetTextKeyword$_getText_closure1.call(GetTextKeyword.groovy)&#xD;
	at com.kms.katalon.core.webui.keyword.internal.WebUIKeywordMain.runKeyword(WebUIKeywordMain.groovy:20)&#xD;
	at com.kms.katalon.core.webui.keyword.builtin.GetTextKeyword.getText(GetTextKeyword.groovy:88)&#xD;
	at com.kms.katalon.core.webui.keyword.builtin.GetTextKeyword.execute(GetTextKeyword.groovy:67)&#xD;
	at com.kms.katalon.core.keyword.internal.KeywordExecutor.executeKeywordForPlatform(KeywordExecutor.groovy:56)&#xD;
	at com.kms.katalon.core.webui.keyword.WebUiBuiltInKeywords.getText(WebUiBuiltInKeywords.groovy:888)&#xD;
	at com.kms.katalon.core.webui.keyword.WebUiBuiltInKeywords$getText$5.call(Unknown Source)&#xD;
	at Script1570726904213.run(Script1570726904213.groovy:19)&#xD;
	... 13 more&#xD;
)&#xD;
&#xD;
2019-10-15 15:14:16 - [MESSAGE][INFO] - Unable to find the element located by 'By.xpath: //div[@id='conten2']/div/app-faqs/section[2]/article[2]/div/div/div/div/div/ul/li/a'. Please recheck the objects properties to make sure the desired element is located. &#xD;
&#xD;
2019-10-15 15:14:18 - [MESSAGE][FAILED] - Unable to get text of object 'Object Repository/Servicio Al Cliente/a_Citas con especialistas' (Root cause: com.kms.katalon.core.exception.StepFailedException: Unable to get text of object 'Object Repository/Servicio Al Cliente/a_Citas con especialistas'&#xD;
	at com.kms.katalon.core.webui.keyword.internal.WebUIKeywordMain.stepFailed(WebUIKeywordMain.groovy:64)&#xD;
	at com.kms.katalon.core.webui.keyword.internal.WebUIKeywordMain.runKeyword(WebUIKeywordMain.groovy:26)&#xD;
	at com.kms.katalon.core.webui.keyword.builtin.GetTextKeyword.getText(GetTextKeyword.groovy:88)&#xD;
	at com.kms.katalon.core.webui.keyword.builtin.GetTextKeyword.execute(GetTextKeyword.groovy:67)&#xD;
	at com.kms.katalon.core.keyword.internal.KeywordExecutor.executeKeywordForPlatform(KeywordExecutor.groovy:56)&#xD;
	at com.kms.katalon.core.webui.keyword.WebUiBuiltInKeywords.getText(WebUiBuiltInKeywords.groovy:888)&#xD;
	at com.kms.katalon.core.webui.keyword.WebUiBuiltInKeywords$getText$5.call(Unknown Source)&#xD;
	at SeleccionarOpcionCitasConEspecialistas.run(SeleccionarOpcionCitasConEspecialistas:19)&#xD;
	at com.kms.katalon.core.main.ScriptEngine.run(ScriptEngine.java:194)&#xD;
	at com.kms.katalon.core.main.ScriptEngine.runScriptAsRawText(ScriptEngine.java:119)&#xD;
	at com.kms.katalon.core.main.TestCaseExecutor.runScript(TestCaseExecutor.java:337)&#xD;
	at com.kms.katalon.core.main.TestCaseExecutor.doExecute(TestCaseExecutor.java:328)&#xD;
	at com.kms.katalon.core.main.TestCaseExecutor.processExecutionPhase(TestCaseExecutor.java:307)&#xD;
	at com.kms.katalon.core.main.TestCaseExecutor.accessMainPhase(TestCaseExecutor.java:299)&#xD;
	at com.kms.katalon.core.main.TestCaseExecutor.execute(TestCaseExecutor.java:233)&#xD;
	at com.kms.katalon.core.main.TestSuiteExecutor.accessTestCaseMainPhase(TestSuiteExecutor.java:150)&#xD;
	at com.kms.katalon.core.main.TestSuiteExecutor.accessTestSuiteMainPhase(TestSuiteExecutor.java:123)&#xD;
	at com.kms.katalon.core.main.TestSuiteExecutor.execute(TestSuiteExecutor.java:87)&#xD;
	at com.kms.katalon.core.main.TestCaseMain.startTestSuite(TestCaseMain.java:157)&#xD;
	at com.kms.katalon.core.main.TestCaseMain$startTestSuite$0.call(Unknown Source)&#xD;
	at TempTestSuite1571170334189.run(TempTestSuite1571170334189.groovy:35)&#xD;
Caused by: com.kms.katalon.core.webui.exception.WebElementNotFoundException: Web element with id: 'Object Repository/Servicio Al Cliente/a_Citas con especialistas' located by 'By.xpath: //div[@id='conten2']/div/app-faqs/section[2]/article[2]/div/div/div/div/div/ul/li/a' not found&#xD;
	at com.kms.katalon.core.webui.common.WebUiCommonHelper.findWebElement(WebUiCommonHelper.java:1097)&#xD;
	at com.kms.katalon.core.webui.keyword.internal.WebUIAbstractKeyword.findWebElement(WebUIAbstractKeyword.groovy:27)&#xD;
	at com.kms.katalon.core.webui.keyword.internal.WebUIAbstractKeyword.findWebElement(WebUIAbstractKeyword.groovy:26)&#xD;
	at com.kms.katalon.core.webui.keyword.builtin.GetTextKeyword$_getText_closure1.doCall(GetTextKeyword.groovy:78)&#xD;
	at com.kms.katalon.core.webui.keyword.builtin.GetTextKeyword$_getText_closure1.call(GetTextKeyword.groovy)&#xD;
	at com.kms.katalon.core.webui.keyword.internal.WebUIKeywordMain.runKeyword(WebUIKeywordMain.groovy:20)&#xD;
	at com.kms.katalon.core.webui.keyword.builtin.GetTextKeyword.getText(GetTextKeyword.groovy:88)&#xD;
	at com.kms.katalon.core.webui.keyword.builtin.GetTextKeyword.execute(GetTextKeyword.groovy:67)&#xD;
	at com.kms.katalon.core.keyword.internal.KeywordExecutor.executeKeywordForPlatform(KeywordExecutor.groovy:56)&#xD;
	at com.kms.katalon.core.webui.keyword.WebUiBuiltInKeywords.getText(WebUiBuiltInKeywords.groovy:888)&#xD;
	at com.kms.katalon.core.webui.keyword.WebUiBuiltInKeywords$getText$5.call(Unknown Source)&#xD;
	at Script1570726904213.run(Script1570726904213.groovy:19)&#xD;
	... 13 more&#xD;
)&#xD;
[[ATTACHMENT|C:\\Users\\dzapatal\\git\\PortalClientes_Web\\Reports\\20191015_151214\\Modulo5_ Servicio Al Cliente\\IngresarOpcionConEspecialistas\\20191015_151214\\1571170456868.png]]</system-out>
            <system-err>2019-10-15 15:13:13 - [TEST_CASE][FAILED] - Test Cases/Servicio Al Cliente/PreguntasFrecuentes/SeleccionarOpcionCitasConEspecialistas: Test Cases/Servicio Al Cliente/PreguntasFrecuentes/SeleccionarOpcionCitasConEspecialistas FAILED.
Reason:
com.kms.katalon.core.exception.StepFailedException: Unable to get text of object 'Object Repository/Servicio Al Cliente/a_Citas con especialistas'&#xD;
	at com.kms.katalon.core.webui.keyword.internal.WebUIKeywordMain.stepFailed(WebUIKeywordMain.groovy:64)&#xD;
	at com.kms.katalon.core.webui.keyword.internal.WebUIKeywordMain.runKeyword(WebUIKeywordMain.groovy:26)&#xD;
	at com.kms.katalon.core.webui.keyword.builtin.GetTextKeyword.getText(GetTextKeyword.groovy:88)&#xD;
	at com.kms.katalon.core.webui.keyword.builtin.GetTextKeyword.execute(GetTextKeyword.groovy:67)&#xD;
	at com.kms.katalon.core.keyword.internal.KeywordExecutor.executeKeywordForPlatform(KeywordExecutor.groovy:56)&#xD;
	at com.kms.katalon.core.webui.keyword.WebUiBuiltInKeywords.getText(WebUiBuiltInKeywords.groovy:888)&#xD;
	at com.kms.katalon.core.webui.keyword.WebUiBuiltInKeywords$getText$5.call(Unknown Source)&#xD;
	at SeleccionarOpcionCitasConEspecialistas.run(SeleccionarOpcionCitasConEspecialistas:19)&#xD;
	at com.kms.katalon.core.main.ScriptEngine.run(ScriptEngine.java:194)&#xD;
	at com.kms.katalon.core.main.ScriptEngine.runScriptAsRawText(ScriptEngine.java:119)&#xD;
	at com.kms.katalon.core.main.TestCaseExecutor.runScript(TestCaseExecutor.java:337)&#xD;
	at com.kms.katalon.core.main.TestCaseExecutor.doExecute(TestCaseExecutor.java:328)&#xD;
	at com.kms.katalon.core.main.TestCaseExecutor.processExecutionPhase(TestCaseExecutor.java:307)&#xD;
	at com.kms.katalon.core.main.TestCaseExecutor.accessMainPhase(TestCaseExecutor.java:299)&#xD;
	at com.kms.katalon.core.main.TestCaseExecutor.execute(TestCaseExecutor.java:233)&#xD;
	at com.kms.katalon.core.main.TestSuiteExecutor.accessTestCaseMainPhase(TestSuiteExecutor.java:150)&#xD;
	at com.kms.katalon.core.main.TestSuiteExecutor.accessTestSuiteMainPhase(TestSuiteExecutor.java:123)&#xD;
	at com.kms.katalon.core.main.TestSuiteExecutor.execute(TestSuiteExecutor.java:87)&#xD;
	at com.kms.katalon.core.main.TestCaseMain.startTestSuite(TestCaseMain.java:157)&#xD;
	at com.kms.katalon.core.main.TestCaseMain$startTestSuite$0.call(Unknown Source)&#xD;
	at TempTestSuite1571170334189.run(TempTestSuite1571170334189.groovy:35)&#xD;
Caused by: com.kms.katalon.core.webui.exception.WebElementNotFoundException: Web element with id: 'Object Repository/Servicio Al Cliente/a_Citas con especialistas' located by 'By.xpath: //div[@id='conten2']/div/app-faqs/section[2]/article[2]/div/div/div/div/div/ul/li/a' not found&#xD;
	at com.kms.katalon.core.webui.common.WebUiCommonHelper.findWebElement(WebUiCommonHelper.java:1097)&#xD;
	at com.kms.katalon.core.webui.keyword.internal.WebUIAbstractKeyword.findWebElement(WebUIAbstractKeyword.groovy:27)&#xD;
	at com.kms.katalon.core.webui.keyword.internal.WebUIAbstractKeyword.findWebElement(WebUIAbstractKeyword.groovy:26)&#xD;
	at com.kms.katalon.core.webui.keyword.builtin.GetTextKeyword$_getText_closure1.doCall(GetTextKeyword.groovy:78)&#xD;
	at com.kms.katalon.core.webui.keyword.builtin.GetTextKeyword$_getText_closure1.call(GetTextKeyword.groovy)&#xD;
	at com.kms.katalon.core.webui.keyword.internal.WebUIKeywordMain.runKeyword(WebUIKeywordMain.groovy:20)&#xD;
	... 19 more</system-err>
        </testcase>
        <system-out>2019-10-15 15:12:16 - [TEST_SUITE][INCOMPLETE] - IngresarOpcionConEspecialistas: null</system-out>
        <system-err>2019-10-15 15:12:16 - [TEST_SUITE][INCOMPLETE] - IngresarOpcionConEspecialistas: null</system-err>
    </testsuite>
</testsuites>
