<?xml version="1.0" encoding="UTF-8" standalone="yes"?>
<testsuites name="IngresarOpcionCertificadoDeAfiliacion" time="78" tests="6" failures="0" errors="0">
    <testsuite name="IngresarOpcionCertificadoDeAfiliacion" tests="6" failures="0" errors="0" time="78" timestamp="2019-10-16 12:35:20" hostname="Dzapatal - p-dzapatal.intergrupo.com" id="Test Suites/Modulo5_ Servicio Al Cliente/IngresarOpcionCertificadoDeAfiliacion">
        <properties>
            <property name="deviceName" value=""/>
            <property name="devicePlatform" value=""/>
            <property name="logFolder" value="C:\\Users\\dzapatal\\git\\PortalClientes_Web\\Reports\\20191016_123449\\Modulo5_ Servicio Al Cliente\\IngresarOpcionCertificadoDeAfiliacion\\20191016_123449"/>
            <property name="logFiles" value="C:\\Users\\dzapatal\\git\\PortalClientes_Web\\Reports\\20191016_123449\\Modulo5_ Servicio Al Cliente\\IngresarOpcionCertificadoDeAfiliacion\\20191016_123449\\execution0.log"/>
            <property name="attachments" value=""/>
            <property name="hostName" value="Dzapatal - p-dzapatal.intergrupo.com"/>
            <property name="os" value="Windows 10 32bit"/>
            <property name="katalonVersion" value="6.3.0.1"/>
            <property name="browser" value="Chrome 77.0.3865.120"/>
            <property name="hostAddress" value="10.60.7.157"/>
            <property name="sessionId" value="b28f044a8e940d58f80948d4dbc909e8"/>
            <property name="seleniumVersion" value="3.141.59"/>
            <property name="proxyInformation" value="ProxyInformation{proxyOption=NO_PROXY, proxyServerType=HTTP, password=, proxyServerAddress=, proxyServerPort=0}"/>
            <property name="platform" value="Windows 10"/>
        </properties>
        <testcase name="Test Cases/Abrir Navegador/AbrirNavegador" classname="Test Cases/Abrir Navegador/AbrirNavegador" status="PASSED">
            <system-out>2019-10-16 12:35:21 - [TEST_CASE][PASSED] - Test Cases/Abrir Navegador/AbrirNavegador: Test Cases/Abrir Navegador/AbrirNavegador&#xD;
&#xD;
2019-10-16 12:35:21 - [TEST_STEP][PASSED] - openBrowser(""): Browser is opened with url: ''&#xD;
&#xD;
2019-10-16 12:35:21 - [MESSAGE][INFO] - Starting 'Chrome' driver&#xD;
&#xD;
2019-10-16 12:35:21 - [MESSAGE][INFO] - Action delay is set to 1 seconds&#xD;
&#xD;
2019-10-16 12:35:28 - [MESSAGE][PASSED] - Browser is opened with url: ''&#xD;
&#xD;
2019-10-16 12:35:28 - [TEST_STEP][PASSED] - maximizeWindow(): Current window maximized&#xD;
&#xD;
2019-10-16 12:35:30 - [MESSAGE][PASSED] - Current window maximized&#xD;
&#xD;
2019-10-16 12:35:30 - [TEST_STEP][PASSED] - navigateToUrl("https://test-portalclientesyventas-co.azurewebsites.net/login"): Navigate to 'https://test-portalclientesyventas-co.azurewebsites.net/login' successfully&#xD;
&#xD;
2019-10-16 12:35:38 - [MESSAGE][PASSED] - Navigate to 'https://test-portalclientesyventas-co.azurewebsites.net/login' successfully</system-out>
            <system-err></system-err>
        </testcase>
        <testcase name="Test Cases/Iniciar Sesion/IngresarInformacion" classname="Test Cases/Iniciar Sesion/IngresarInformacion" status="PASSED">
            <system-out>2019-10-16 12:35:38 - [TEST_CASE][PASSED] - Test Cases/Iniciar Sesion/IngresarInformacion: Test Cases/Iniciar Sesion/IngresarInformacion&#xD;
&#xD;
2019-10-16 12:35:38 - [TEST_STEP][PASSED] - navigateToUrl("https://test-portalclientesyventas-co.azurewebsites.net/login"): Navigate to 'https://test-portalclientesyventas-co.azurewebsites.net/login' successfully&#xD;
&#xD;
2019-10-16 12:35:40 - [MESSAGE][PASSED] - Navigate to 'https://test-portalclientesyventas-co.azurewebsites.net/login' successfully&#xD;
&#xD;
2019-10-16 12:35:40 - [TEST_STEP][PASSED] - setText(findTestObject("Object Repository/IniciarSesion/input_Correo electrnico_email"), "usuarioprueba1@yopmail.com"): Text 'usuarioprueba1@yopmail.com' is set on object 'Object Repository/IniciarSesion/input_Correo electrnico_email'&#xD;
&#xD;
2019-10-16 12:35:43 - [MESSAGE][PASSED] - Text 'usuarioprueba1@yopmail.com' is set on object 'Object Repository/IniciarSesion/input_Correo electrnico_email'&#xD;
&#xD;
2019-10-16 12:35:43 - [TEST_STEP][PASSED] - setEncryptedText(findTestObject("Object Repository/IniciarSesion/input_Contrasea_password"), "zpitzbFj1P6iY2h+x2z5qA=="): Text ****** has been set on object 'Object Repository/IniciarSesion/input_Contrasea_password'&#xD;
&#xD;
2019-10-16 12:35:47 - [MESSAGE][PASSED] - Text ****** has been set on object 'Object Repository/IniciarSesion/input_Contrasea_password'</system-out>
            <system-err></system-err>
        </testcase>
        <testcase name="Test Cases/Iniciar Sesion/SeleccionarBoton_Ingresar" classname="Test Cases/Iniciar Sesion/SeleccionarBoton_Ingresar" status="PASSED">
            <system-out>2019-10-16 12:35:47 - [TEST_CASE][PASSED] - Test Cases/Iniciar Sesion/SeleccionarBoton_Ingresar: Test Cases/Iniciar Sesion/SeleccionarBoton_Ingresar&#xD;
&#xD;
2019-10-16 12:35:47 - [TEST_STEP][PASSED] - click(findTestObject("IniciarSesion/button_INGRESAR")): Object: 'Object Repository/IniciarSesion/button_INGRESAR' is clicked on&#xD;
&#xD;
2019-10-16 12:35:49 - [MESSAGE][PASSED] - Object: 'Object Repository/IniciarSesion/button_INGRESAR' is clicked on&#xD;
&#xD;
2019-10-16 12:35:49 - [TEST_STEP][PASSED] - delay(25): Delayed 25 second(s)&#xD;
&#xD;
2019-10-16 12:36:14 - [MESSAGE][PASSED] - Delayed 25 second(s)</system-out>
            <system-err></system-err>
        </testcase>
        <testcase name="Test Cases/Servicio Al Cliente/SeleccionarOpcionServicioAlCliente" classname="Test Cases/Servicio Al Cliente/SeleccionarOpcionServicioAlCliente" status="PASSED">
            <system-out>2019-10-16 12:36:14 - [TEST_CASE][PASSED] - Test Cases/Servicio Al Cliente/SeleccionarOpcionServicioAlCliente: Test Cases/Servicio Al Cliente/SeleccionarOpcionServicioAlCliente&#xD;
&#xD;
2019-10-16 12:36:15 - [TEST_STEP][PASSED] - click(findTestObject("Object Repository/Servicio Al Cliente/a_Servicio al Cliente")): Object: 'Object Repository/Servicio Al Cliente/a_Servicio al Cliente' is clicked on&#xD;
&#xD;
2019-10-16 12:36:17 - [MESSAGE][PASSED] - Object: 'Object Repository/Servicio Al Cliente/a_Servicio al Cliente' is clicked on</system-out>
            <system-err></system-err>
        </testcase>
        <testcase name="Test Cases/Servicio Al Cliente/PreguntasFrecuentes/SeleccionarPreguntasFrecuentes" classname="Test Cases/Servicio Al Cliente/PreguntasFrecuentes/SeleccionarPreguntasFrecuentes" status="PASSED">
            <system-out>2019-10-16 12:36:17 - [TEST_CASE][PASSED] - Test Cases/Servicio Al Cliente/PreguntasFrecuentes/SeleccionarPreguntasFrecuentes: Test Cases/Servicio Al Cliente/PreguntasFrecuentes/SeleccionarPreguntasFrecuentes&#xD;
&#xD;
2019-10-16 12:36:17 - [TEST_STEP][PASSED] - click(findTestObject("Object Repository/Servicio Al Cliente/a_Preguntas frecuentes")): Object: 'Object Repository/Servicio Al Cliente/a_Preguntas frecuentes' is clicked on&#xD;
&#xD;
2019-10-16 12:36:19 - [MESSAGE][PASSED] - Object: 'Object Repository/Servicio Al Cliente/a_Preguntas frecuentes' is clicked on</system-out>
            <system-err></system-err>
        </testcase>
        <testcase name="Test Cases/Servicio Al Cliente/PreguntasFrecuentes/SeleccionarOpcionCertificadoDeAfiliacion" classname="Test Cases/Servicio Al Cliente/PreguntasFrecuentes/SeleccionarOpcionCertificadoDeAfiliacion" status="PASSED">
            <system-out>2019-10-16 12:36:19 - [TEST_CASE][PASSED] - Test Cases/Servicio Al Cliente/PreguntasFrecuentes/SeleccionarOpcionCertificadoDeAfiliacion: Test Cases/Servicio Al Cliente/PreguntasFrecuentes/SeleccionarOpcionCertificadoDeAfiliacion&#xD;
&#xD;
2019-10-16 12:36:20 - [TEST_STEP][PASSED] - scrollToPosition(0, 250): Browser is scrolled to position x = 0, y = 250&#xD;
&#xD;
2019-10-16 12:36:21 - [MESSAGE][PASSED] - Browser is scrolled to position x = 0, y = 250&#xD;
&#xD;
2019-10-16 12:36:21 - [TEST_STEP][PASSED] - click(findTestObject("Object Repository/Servicio Al Cliente/a_Certificado de afiliacin")): Object: 'Object Repository/Servicio Al Cliente/a_Certificado de afiliacin' is clicked on&#xD;
&#xD;
2019-10-16 12:36:23 - [MESSAGE][PASSED] - Object: 'Object Repository/Servicio Al Cliente/a_Certificado de afiliacin' is clicked on&#xD;
&#xD;
2019-10-16 12:36:23 - [TEST_STEP][PASSED] - delay(10): Delayed 10 second(s)&#xD;
&#xD;
2019-10-16 12:36:33 - [MESSAGE][PASSED] - Delayed 10 second(s)&#xD;
&#xD;
2019-10-16 12:36:33 - [TEST_STEP][PASSED] - scrollToPosition(250, 0): Browser is scrolled to position x = 250, y = 0&#xD;
&#xD;
2019-10-16 12:36:34 - [MESSAGE][PASSED] - Browser is scrolled to position x = 250, y = 0&#xD;
&#xD;
2019-10-16 12:36:34 - [TEST_STEP][PASSED] - click(findTestObject("Object Repository/Servicio Al Cliente/h3_Certificado de afiliacin")): Object: 'Object Repository/Servicio Al Cliente/h3_Certificado de afiliacin' is clicked on&#xD;
&#xD;
2019-10-16 12:36:36 - [MESSAGE][PASSED] - Object: 'Object Repository/Servicio Al Cliente/h3_Certificado de afiliacin' is clicked on&#xD;
&#xD;
2019-10-16 12:36:36 - [TEST_STEP][PASSED] - result = getText(findTestObject("Object Repository/Servicio Al Cliente/h3_Certificado de afiliacin")): Text of object 'Object Repository/Servicio Al Cliente/h3_Certificado de afiliacin' is: 'Certificado de afiliación'&#xD;
&#xD;
2019-10-16 12:36:38 - [MESSAGE][PASSED] - Text of object 'Object Repository/Servicio Al Cliente/h3_Certificado de afiliacin' is: 'Certificado de afiliación'&#xD;
&#xD;
2019-10-16 12:36:38 - [TEST_STEP][PASSED] - out.println(result): null&#xD;
&#xD;
2019-10-16 12:36:38 - [TEST_STEP][PASSED] - verifyEqual(result, "Certificado de afiliación"): Actual object 'Certificado de afiliación' and expected object 'Certificado de afiliación' are equal&#xD;
&#xD;
2019-10-16 12:36:38 - [MESSAGE][PASSED] - Actual object 'Certificado de afiliación' and expected object 'Certificado de afiliación' are equal</system-out>
            <system-err></system-err>
        </testcase>
        <system-out>2019-10-16 12:35:20 - [TEST_SUITE][INCOMPLETE] - IngresarOpcionCertificadoDeAfiliacion: null</system-out>
        <system-err>2019-10-16 12:35:20 - [TEST_SUITE][INCOMPLETE] - IngresarOpcionCertificadoDeAfiliacion: null</system-err>
    </testsuite>
</testsuites>
