<?xml version="1.0" encoding="UTF-8" standalone="yes"?>
<testsuites name="PagarFacturaCard" time="91" tests="7" failures="0" errors="0">
    <testsuite name="PagarFacturaCard" tests="7" failures="0" errors="0" time="91" timestamp="2019-10-09 10:51:12" hostname="Dzapatal - p-dzapatal.intergrupo.com" id="Test Suites/Modulo1_Mi Cuenta/FlujoCompleto_MisFacturas/PagarFacturaCard">
        <properties>
            <property name="deviceName" value=""/>
            <property name="devicePlatform" value=""/>
            <property name="logFolder" value="C:\\Users\\dzapatal\\git\\PortalClientes_Web\\Reports\\20191009_105109\\Modulo1_Mi Cuenta\\FlujoCompleto_MisFacturas\\PagarFacturaCard\\20191009_105109"/>
            <property name="logFiles" value="C:\\Users\\dzapatal\\git\\PortalClientes_Web\\Reports\\20191009_105109\\Modulo1_Mi Cuenta\\FlujoCompleto_MisFacturas\\PagarFacturaCard\\20191009_105109\\execution0.log"/>
            <property name="attachments" value=""/>
            <property name="hostName" value="Dzapatal - p-dzapatal.intergrupo.com"/>
            <property name="os" value="Windows 10 32bit"/>
            <property name="katalonVersion" value="6.3.0.1"/>
            <property name="browser" value="Chrome 77.0.3865.90"/>
            <property name="hostAddress" value="10.60.7.157"/>
            <property name="sessionId" value="f8b79c5b460f46311116ba4446da54d8"/>
            <property name="seleniumVersion" value="3.141.59"/>
            <property name="proxyInformation" value="ProxyInformation{proxyOption=NO_PROXY, proxyServerType=HTTP, password=, proxyServerAddress=, proxyServerPort=0}"/>
            <property name="platform" value="Windows 10"/>
        </properties>
        <testcase name="Test Cases/Abrir Navegador/AbrirNavegador" classname="Test Cases/Abrir Navegador/AbrirNavegador" status="PASSED">
            <system-out>2019-10-09 10:51:12 - [TEST_CASE][PASSED] - Test Cases/Abrir Navegador/AbrirNavegador: Test Cases/Abrir Navegador/AbrirNavegador&#xD;
&#xD;
2019-10-09 10:51:12 - [TEST_STEP][PASSED] - openBrowser(""): Browser is opened with url: ''&#xD;
&#xD;
2019-10-09 10:51:13 - [MESSAGE][INFO] - Starting 'Chrome' driver&#xD;
&#xD;
2019-10-09 10:51:13 - [MESSAGE][INFO] - Action delay is set to 1 seconds&#xD;
&#xD;
2019-10-09 10:51:19 - [MESSAGE][PASSED] - Browser is opened with url: ''&#xD;
&#xD;
2019-10-09 10:51:19 - [TEST_STEP][PASSED] - navigateToUrl("https://test-portalclientesyventas-co.azurewebsites.net/login"): Navigate to 'https://test-portalclientesyventas-co.azurewebsites.net/login' successfully&#xD;
&#xD;
2019-10-09 10:51:30 - [MESSAGE][PASSED] - Navigate to 'https://test-portalclientesyventas-co.azurewebsites.net/login' successfully</system-out>
            <system-err></system-err>
        </testcase>
        <testcase name="Test Cases/Iniciar Sesion/IngresarInformacion" classname="Test Cases/Iniciar Sesion/IngresarInformacion" status="PASSED">
            <system-out>2019-10-09 10:51:30 - [TEST_CASE][PASSED] - Test Cases/Iniciar Sesion/IngresarInformacion: Test Cases/Iniciar Sesion/IngresarInformacion&#xD;
&#xD;
2019-10-09 10:51:30 - [TEST_STEP][PASSED] - navigateToUrl("https://test-portalclientesyventas-co.azurewebsites.net/login"): Navigate to 'https://test-portalclientesyventas-co.azurewebsites.net/login' successfully&#xD;
&#xD;
2019-10-09 10:51:32 - [MESSAGE][PASSED] - Navigate to 'https://test-portalclientesyventas-co.azurewebsites.net/login' successfully&#xD;
&#xD;
2019-10-09 10:51:32 - [TEST_STEP][PASSED] - setText(findTestObject("Object Repository/IniciarSesion/input_Correo electrnico_email"), "usuarioprueba1@yopmail.com"): Text 'usuarioprueba1@yopmail.com' is set on object 'Object Repository/IniciarSesion/input_Correo electrnico_email'&#xD;
&#xD;
2019-10-09 10:51:35 - [MESSAGE][PASSED] - Text 'usuarioprueba1@yopmail.com' is set on object 'Object Repository/IniciarSesion/input_Correo electrnico_email'&#xD;
&#xD;
2019-10-09 10:51:35 - [TEST_STEP][PASSED] - setEncryptedText(findTestObject("Object Repository/IniciarSesion/input_Contrasea_password"), "zpitzbFj1P6iY2h+x2z5qA=="): Text ****** has been set on object 'Object Repository/IniciarSesion/input_Contrasea_password'&#xD;
&#xD;
2019-10-09 10:51:39 - [MESSAGE][PASSED] - Text ****** has been set on object 'Object Repository/IniciarSesion/input_Contrasea_password'</system-out>
            <system-err></system-err>
        </testcase>
        <testcase name="Test Cases/Iniciar Sesion/SeleccionarBoton_Ingresar" classname="Test Cases/Iniciar Sesion/SeleccionarBoton_Ingresar" status="PASSED">
            <system-out>2019-10-09 10:51:39 - [TEST_CASE][PASSED] - Test Cases/Iniciar Sesion/SeleccionarBoton_Ingresar: Test Cases/Iniciar Sesion/SeleccionarBoton_Ingresar&#xD;
&#xD;
2019-10-09 10:51:39 - [TEST_STEP][PASSED] - click(findTestObject("IniciarSesion/button_INGRESAR")): Object: 'Object Repository/IniciarSesion/button_INGRESAR' is clicked on&#xD;
&#xD;
2019-10-09 10:51:41 - [MESSAGE][PASSED] - Object: 'Object Repository/IniciarSesion/button_INGRESAR' is clicked on&#xD;
&#xD;
2019-10-09 10:51:41 - [TEST_STEP][PASSED] - delay(10): Delayed 10 second(s)&#xD;
&#xD;
2019-10-09 10:51:51 - [MESSAGE][PASSED] - Delayed 10 second(s)</system-out>
            <system-err></system-err>
        </testcase>
        <testcase name="Test Cases/Mi Cuenta/MisFacturas/SeleccionarMenu_MiCuenta" classname="Test Cases/Mi Cuenta/MisFacturas/SeleccionarMenu_MiCuenta" status="PASSED">
            <system-out>2019-10-09 10:51:51 - [TEST_CASE][PASSED] - Test Cases/Mi Cuenta/MisFacturas/SeleccionarMenu_MiCuenta: Test Cases/Mi Cuenta/MisFacturas/SeleccionarMenu_MiCuenta&#xD;
&#xD;
2019-10-09 10:51:52 - [TEST_STEP][PASSED] - click(findTestObject("Object Repository/Modulo Mi Cuenta/a_Mi cuenta")): Object: 'Object Repository/Modulo Mi Cuenta/a_Mi cuenta' is clicked on&#xD;
&#xD;
2019-10-09 10:51:54 - [MESSAGE][PASSED] - Object: 'Object Repository/Modulo Mi Cuenta/a_Mi cuenta' is clicked on&#xD;
&#xD;
2019-10-09 10:51:54 - [TEST_STEP][PASSED] - waitForElementClickable(findTestObject("Modulo Mi Cuenta/a_Mi cuenta"), 10): Web element with id: 'Object Repository/Modulo Mi Cuenta/a_Mi cuenta' located by 'By.xpath: id("conten1")/nav[@class="navbar navbar-default sidebar"]/div[1]/div[1]/ms-sidenav[1]/ul[@class="nav navbar-nav"]/ms-sidenav-item[@class="sidenav-item"]/li[@class="dropdown"]/a[@id="dropdown-items-menu"][count(. | //*[@href = '#' and @id = 'dropdown-items-menu' and (text() = '
    Mi cuenta
    
  ' or . = '
    Mi cuenta
    
  ')]) = count(//*[@href = '#' and @id = 'dropdown-items-menu' and (text() = '
    Mi cuenta
    
  ' or . = '
    Mi cuenta
    
  ')])]' not found&#xD;
&#xD;
2019-10-09 10:52:05 - [MESSAGE][INFO] - Unable to find the element located by 'By.xpath: id("conten1")/nav[@class="navbar navbar-default sidebar"]/div[1]/div[1]/ms-sidenav[1]/ul[@class="nav navbar-nav"]/ms-sidenav-item[@class="sidenav-item"]/li[@class="dropdown"]/a[@id="dropdown-items-menu"][count(. | //*[@href = '#' and @id = 'dropdown-items-menu' and (text() = '
    Mi cuenta
    
  ' or . = '
    Mi cuenta
    
  ')]) = count(//*[@href = '#' and @id = 'dropdown-items-menu' and (text() = '
    Mi cuenta
    
  ' or . = '
    Mi cuenta
    
  ')])]'. Please recheck the objects properties to make sure the desired element is located. &#xD;
&#xD;
2019-10-09 10:52:05 - [MESSAGE][WARNING] - Web element with id: 'Object Repository/Modulo Mi Cuenta/a_Mi cuenta' located by 'By.xpath: id("conten1")/nav[@class="navbar navbar-default sidebar"]/div[1]/div[1]/ms-sidenav[1]/ul[@class="nav navbar-nav"]/ms-sidenav-item[@class="sidenav-item"]/li[@class="dropdown"]/a[@id="dropdown-items-menu"][count(. | //*[@href = '#' and @id = 'dropdown-items-menu' and (text() = '
    Mi cuenta
    
  ' or . = '
    Mi cuenta
    
  ')]) = count(//*[@href = '#' and @id = 'dropdown-items-menu' and (text() = '
    Mi cuenta
    
  ' or . = '
    Mi cuenta
    
  ')])]' not found</system-out>
            <system-err></system-err>
        </testcase>
        <testcase name="Test Cases/Mi Cuenta/MisFacturas/SeleccionaropcionMisFacturas" classname="Test Cases/Mi Cuenta/MisFacturas/SeleccionaropcionMisFacturas" status="PASSED">
            <system-out>2019-10-09 10:52:05 - [TEST_CASE][PASSED] - Test Cases/Mi Cuenta/MisFacturas/SeleccionaropcionMisFacturas: Test Cases/Mi Cuenta/MisFacturas/SeleccionaropcionMisFacturas&#xD;
&#xD;
2019-10-09 10:52:05 - [TEST_STEP][PASSED] - click(findTestObject("Object Repository/Modulo Mi Cuenta/a_Mis facturas")): Object: 'Object Repository/Modulo Mi Cuenta/a_Mis facturas' is clicked on&#xD;
&#xD;
2019-10-09 10:52:08 - [MESSAGE][PASSED] - Object: 'Object Repository/Modulo Mi Cuenta/a_Mis facturas' is clicked on</system-out>
            <system-err></system-err>
        </testcase>
        <testcase name="Test Cases/Mi Cuenta/MisFacturas/ConsultarfacturasImpagas" classname="Test Cases/Mi Cuenta/MisFacturas/ConsultarfacturasImpagas" status="PASSED">
            <system-out>2019-10-09 10:52:08 - [TEST_CASE][PASSED] - Test Cases/Mi Cuenta/MisFacturas/ConsultarfacturasImpagas: Test Cases/Mi Cuenta/MisFacturas/ConsultarfacturasImpagas&#xD;
&#xD;
2019-10-09 10:52:08 - [TEST_STEP][PASSED] - selectOptionByValue(findTestObject("Object Repository/MisFacturas/select_Seleccione                PagaImpaga"), "2", true): All options with value '2' are selected in object 'Object Repository/MisFacturas/select_Seleccione                PagaImpaga'  using regular expression&#xD;
&#xD;
2019-10-09 10:52:24 - [MESSAGE][PASSED] - All options with value '2' are selected in object 'Object Repository/MisFacturas/select_Seleccione                PagaImpaga'  using regular expression&#xD;
&#xD;
2019-10-09 10:52:24 - [TEST_STEP][PASSED] - click(findTestObject("Object Repository/MisFacturas/button_BUSCAR")): Object: 'Object Repository/MisFacturas/button_BUSCAR' is clicked on&#xD;
&#xD;
2019-10-09 10:52:26 - [MESSAGE][PASSED] - Object: 'Object Repository/MisFacturas/button_BUSCAR' is clicked on&#xD;
&#xD;
2019-10-09 10:52:26 - [TEST_STEP][PASSED] - delay(2): Delayed 2 second(s)&#xD;
&#xD;
2019-10-09 10:52:28 - [MESSAGE][PASSED] - Delayed 2 second(s)</system-out>
            <system-err></system-err>
        </testcase>
        <testcase name="Test Cases/Mi Cuenta/MisFacturas/PagarFacturaCard" classname="Test Cases/Mi Cuenta/MisFacturas/PagarFacturaCard" status="PASSED">
            <system-out>2019-10-09 10:52:28 - [TEST_CASE][PASSED] - Test Cases/Mi Cuenta/MisFacturas/PagarFacturaCard: Test Cases/Mi Cuenta/MisFacturas/PagarFacturaCard&#xD;
&#xD;
2019-10-09 10:52:28 - [TEST_STEP][PASSED] - click(findTestObject("Object Repository/MisFacturas/a_PAGAR")): Object: 'Object Repository/MisFacturas/a_PAGAR' is clicked on&#xD;
&#xD;
2019-10-09 10:52:30 - [MESSAGE][PASSED] - Object: 'Object Repository/MisFacturas/a_PAGAR' is clicked on&#xD;
&#xD;
2019-10-09 10:52:30 - [TEST_STEP][PASSED] - delay(2): Delayed 2 second(s)&#xD;
&#xD;
2019-10-09 10:52:32 - [MESSAGE][PASSED] - Delayed 2 second(s)&#xD;
&#xD;
2019-10-09 10:52:32 - [TEST_STEP][PASSED] - click(findTestObject("Object Repository/MisFacturas/a_Tarjeta De Crdito")): Object: 'Object Repository/MisFacturas/a_Tarjeta De Crdito' is clicked on&#xD;
&#xD;
2019-10-09 10:52:35 - [MESSAGE][PASSED] - Object: 'Object Repository/MisFacturas/a_Tarjeta De Crdito' is clicked on&#xD;
&#xD;
2019-10-09 10:52:35 - [TEST_STEP][PASSED] - delay(1): Delayed 1 second(s)&#xD;
&#xD;
2019-10-09 10:52:36 - [MESSAGE][PASSED] - Delayed 1 second(s)&#xD;
&#xD;
2019-10-09 10:52:36 - [TEST_STEP][PASSED] - click(findTestObject("Object Repository/MisFacturas/a_Cuenta Corriente")): Object: 'Object Repository/MisFacturas/a_Cuenta Corriente' is clicked on&#xD;
&#xD;
2019-10-09 10:52:38 - [MESSAGE][PASSED] - Object: 'Object Repository/MisFacturas/a_Cuenta Corriente' is clicked on&#xD;
&#xD;
2019-10-09 10:52:38 - [TEST_STEP][PASSED] - delay(1): Delayed 1 second(s)&#xD;
&#xD;
2019-10-09 10:52:39 - [MESSAGE][PASSED] - Delayed 1 second(s)&#xD;
&#xD;
2019-10-09 10:52:39 - [TEST_STEP][PASSED] - click(findTestObject("Object Repository/MisFacturas/a_Cuenta De Ahorros")): Object: 'Object Repository/MisFacturas/a_Cuenta De Ahorros' is clicked on&#xD;
&#xD;
2019-10-09 10:52:41 - [MESSAGE][PASSED] - Object: 'Object Repository/MisFacturas/a_Cuenta De Ahorros' is clicked on&#xD;
&#xD;
2019-10-09 10:52:41 - [TEST_STEP][PASSED] - delay(2): Delayed 2 second(s)&#xD;
&#xD;
2019-10-09 10:52:43 - [MESSAGE][PASSED] - Delayed 2 second(s)</system-out>
            <system-err></system-err>
        </testcase>
        <system-out>2019-10-09 10:51:12 - [TEST_SUITE][INCOMPLETE] - PagarFacturaCard: null</system-out>
        <system-err>2019-10-09 10:51:12 - [TEST_SUITE][INCOMPLETE] - PagarFacturaCard: null</system-err>
    </testsuite>
</testsuites>
