<?xml version="1.0" encoding="UTF-8" standalone="yes"?>
<testsuites name="IngresarDireccionNueva" time="478" tests="7" failures="0" errors="0">
    <testsuite name="IngresarDireccionNueva" tests="7" failures="0" errors="0" time="478" timestamp="2019-10-09 16:54:43" hostname="Dzapatal - p-dzapatal.intergrupo.com" id="Test Suites/Modulo2_Solicitar servicio/IngresarDireccionNueva">
        <properties>
            <property name="deviceName" value=""/>
            <property name="devicePlatform" value=""/>
            <property name="logFolder" value="C:\\Users\\dzapatal\\git\\PortalClientes_Web\\Reports\\20191009_165441\\Modulo2_Solicitar servicio\\IngresarDireccionNueva\\20191009_165441"/>
            <property name="logFiles" value="C:\\Users\\dzapatal\\git\\PortalClientes_Web\\Reports\\20191009_165441\\Modulo2_Solicitar servicio\\IngresarDireccionNueva\\20191009_165441\\execution0.log"/>
            <property name="attachments" value=""/>
            <property name="hostName" value="Dzapatal - p-dzapatal.intergrupo.com"/>
            <property name="os" value="Windows 10 32bit"/>
            <property name="katalonVersion" value="6.3.0.1"/>
            <property name="browser" value="Chrome 77.0.3865.90"/>
            <property name="hostAddress" value="10.60.7.157"/>
            <property name="sessionId" value="0eb6872bf0493ce7770475364ef58bae"/>
            <property name="seleniumVersion" value="3.141.59"/>
            <property name="proxyInformation" value="ProxyInformation{proxyOption=NO_PROXY, proxyServerType=HTTP, password=, proxyServerAddress=, proxyServerPort=0}"/>
            <property name="platform" value="Windows 10"/>
        </properties>
        <testcase name="Test Cases/Abrir Navegador/AbrirNavegador" classname="Test Cases/Abrir Navegador/AbrirNavegador" status="PASSED">
            <system-out>2019-10-09 16:54:43 - [TEST_CASE][PASSED] - Test Cases/Abrir Navegador/AbrirNavegador: Test Cases/Abrir Navegador/AbrirNavegador&#xD;
&#xD;
2019-10-09 16:54:44 - [TEST_STEP][PASSED] - openBrowser(""): Browser is opened with url: ''&#xD;
&#xD;
2019-10-09 16:54:44 - [MESSAGE][INFO] - Starting 'Chrome' driver&#xD;
&#xD;
2019-10-09 16:54:44 - [MESSAGE][INFO] - Action delay is set to 1 seconds&#xD;
&#xD;
2019-10-09 16:54:50 - [MESSAGE][PASSED] - Browser is opened with url: ''&#xD;
&#xD;
2019-10-09 16:54:50 - [TEST_STEP][PASSED] - navigateToUrl("https://test-portalclientesyventas-co.azurewebsites.net/login"): Navigate to 'https://test-portalclientesyventas-co.azurewebsites.net/login' successfully&#xD;
&#xD;
2019-10-09 16:54:58 - [MESSAGE][PASSED] - Navigate to 'https://test-portalclientesyventas-co.azurewebsites.net/login' successfully</system-out>
            <system-err></system-err>
        </testcase>
        <testcase name="Test Cases/Iniciar Sesion/IngresarInformacion" classname="Test Cases/Iniciar Sesion/IngresarInformacion" status="PASSED">
            <system-out>2019-10-09 16:54:58 - [TEST_CASE][PASSED] - Test Cases/Iniciar Sesion/IngresarInformacion: Test Cases/Iniciar Sesion/IngresarInformacion&#xD;
&#xD;
2019-10-09 16:54:58 - [TEST_STEP][PASSED] - navigateToUrl("https://test-portalclientesyventas-co.azurewebsites.net/login"): Navigate to 'https://test-portalclientesyventas-co.azurewebsites.net/login' successfully&#xD;
&#xD;
2019-10-09 16:55:00 - [MESSAGE][PASSED] - Navigate to 'https://test-portalclientesyventas-co.azurewebsites.net/login' successfully&#xD;
&#xD;
2019-10-09 16:55:00 - [TEST_STEP][PASSED] - setText(findTestObject("Object Repository/IniciarSesion/input_Correo electrnico_email"), "usuarioprueba1@yopmail.com"): Text 'usuarioprueba1@yopmail.com' is set on object 'Object Repository/IniciarSesion/input_Correo electrnico_email'&#xD;
&#xD;
2019-10-09 16:55:04 - [MESSAGE][PASSED] - Text 'usuarioprueba1@yopmail.com' is set on object 'Object Repository/IniciarSesion/input_Correo electrnico_email'&#xD;
&#xD;
2019-10-09 16:55:04 - [TEST_STEP][PASSED] - setEncryptedText(findTestObject("Object Repository/IniciarSesion/input_Contrasea_password"), "zpitzbFj1P6iY2h+x2z5qA=="): Text ****** has been set on object 'Object Repository/IniciarSesion/input_Contrasea_password'&#xD;
&#xD;
2019-10-09 16:55:07 - [MESSAGE][PASSED] - Text ****** has been set on object 'Object Repository/IniciarSesion/input_Contrasea_password'</system-out>
            <system-err></system-err>
        </testcase>
        <testcase name="Test Cases/Iniciar Sesion/SeleccionarBoton_Ingresar" classname="Test Cases/Iniciar Sesion/SeleccionarBoton_Ingresar" status="PASSED">
            <system-out>2019-10-09 16:55:07 - [TEST_CASE][PASSED] - Test Cases/Iniciar Sesion/SeleccionarBoton_Ingresar: Test Cases/Iniciar Sesion/SeleccionarBoton_Ingresar&#xD;
&#xD;
2019-10-09 16:55:07 - [TEST_STEP][PASSED] - click(findTestObject("IniciarSesion/button_INGRESAR")): Object: 'Object Repository/IniciarSesion/button_INGRESAR' is clicked on&#xD;
&#xD;
2019-10-09 16:55:09 - [MESSAGE][PASSED] - Object: 'Object Repository/IniciarSesion/button_INGRESAR' is clicked on&#xD;
&#xD;
2019-10-09 16:55:09 - [TEST_STEP][PASSED] - delay(10): Delayed 10 second(s)&#xD;
&#xD;
2019-10-09 16:55:20 - [MESSAGE][PASSED] - Delayed 10 second(s)</system-out>
            <system-err></system-err>
        </testcase>
        <testcase name="Test Cases/Solicitar Servicio/SeleccionarOpcionSolicitarServicio" classname="Test Cases/Solicitar Servicio/SeleccionarOpcionSolicitarServicio" status="PASSED">
            <system-out>2019-10-09 16:55:20 - [TEST_CASE][PASSED] - Test Cases/Solicitar Servicio/SeleccionarOpcionSolicitarServicio: Test Cases/Solicitar Servicio/SeleccionarOpcionSolicitarServicio&#xD;
&#xD;
2019-10-09 16:55:20 - [TEST_STEP][PASSED] - click(findTestObject("Solicitar Servicio/a_Solicitar servicio")): Object: 'Object Repository/Solicitar Servicio/a_Solicitar servicio' is clicked on&#xD;
&#xD;
2019-10-09 16:55:22 - [MESSAGE][PASSED] - Object: 'Object Repository/Solicitar Servicio/a_Solicitar servicio' is clicked on</system-out>
            <system-err></system-err>
        </testcase>
        <testcase name="Test Cases/Solicitar Servicio/SeleccionarPaciente" classname="Test Cases/Solicitar Servicio/SeleccionarPaciente" status="PASSED">
            <system-out>2019-10-09 16:55:22 - [TEST_CASE][PASSED] - Test Cases/Solicitar Servicio/SeleccionarPaciente: Test Cases/Solicitar Servicio/SeleccionarPaciente&#xD;
&#xD;
2019-10-09 16:55:23 - [TEST_STEP][PASSED] - selectOptionByValue(findTestObject("Object Repository/Solicitar Servicio/SeleccionarPaciente"), "21371502", true): All options with value '21371502' are selected in object 'Object Repository/Solicitar Servicio/SeleccionarPaciente'  using regular expression&#xD;
&#xD;
2019-10-09 16:55:51 - [MESSAGE][PASSED] - All options with value '21371502' are selected in object 'Object Repository/Solicitar Servicio/SeleccionarPaciente'  using regular expression</system-out>
            <system-err></system-err>
        </testcase>
        <testcase name="Test Cases/Solicitar Servicio/SeleccionarOpcionDireccionNueva" classname="Test Cases/Solicitar Servicio/SeleccionarOpcionDireccionNueva" status="PASSED">
            <system-out>2019-10-09 16:55:51 - [TEST_CASE][PASSED] - Test Cases/Solicitar Servicio/SeleccionarOpcionDireccionNueva: Test Cases/Solicitar Servicio/SeleccionarOpcionDireccionNueva&#xD;
&#xD;
2019-10-09 16:55:52 - [TEST_STEP][PASSED] - click(findTestObject("Object Repository/Solicitar Servicio/button_Agregar direccin")): Object: 'Object Repository/Solicitar Servicio/button_Agregar direccin' is clicked on&#xD;
&#xD;
2019-10-09 16:55:54 - [MESSAGE][PASSED] - Object: 'Object Repository/Solicitar Servicio/button_Agregar direccin' is clicked on</system-out>
            <system-err></system-err>
        </testcase>
        <testcase name="Test Cases/Solicitar Servicio/IngresarNuevaDireccion" classname="Test Cases/Solicitar Servicio/IngresarNuevaDireccion" status="PASSED">
            <system-out>2019-10-09 16:55:54 - [TEST_CASE][PASSED] - Test Cases/Solicitar Servicio/IngresarNuevaDireccion: Test Cases/Solicitar Servicio/IngresarNuevaDireccion&#xD;
&#xD;
2019-10-09 16:55:54 - [TEST_STEP][PASSED] - selectOptionByValue(findTestObject("Object Repository/Solicitar Servicio/SeleccionarPais"), "1", true): All options with value '1' are selected in object 'Object Repository/Solicitar Servicio/SeleccionarPais'  using regular expression&#xD;
&#xD;
2019-10-09 16:56:09 - [MESSAGE][PASSED] - All options with value '1' are selected in object 'Object Repository/Solicitar Servicio/SeleccionarPais'  using regular expression&#xD;
&#xD;
2019-10-09 16:56:09 - [TEST_STEP][PASSED] - selectOptionByValue(findTestObject("Object Repository/Solicitar Servicio/SeleccionarDepartamento"), "05", true): All options with value '05' are selected in object 'Object Repository/Solicitar Servicio/SeleccionarDepartamento'  using regular expression&#xD;
&#xD;
2019-10-09 16:56:31 - [MESSAGE][PASSED] - All options with value '05' are selected in object 'Object Repository/Solicitar Servicio/SeleccionarDepartamento'  using regular expression&#xD;
&#xD;
2019-10-09 16:56:31 - [TEST_STEP][PASSED] - selectOptionByValue(findTestObject("Object Repository/Solicitar Servicio/SeleccionarCiudad"), "05001", true): All options with value '05001' are selected in object 'Object Repository/Solicitar Servicio/SeleccionarCiudad'  using regular expression&#xD;
&#xD;
2019-10-09 16:57:00 - [MESSAGE][PASSED] - All options with value '05001' are selected in object 'Object Repository/Solicitar Servicio/SeleccionarCiudad'  using regular expression&#xD;
&#xD;
2019-10-09 16:57:00 - [TEST_STEP][PASSED] - selectOptionByValue(findTestObject("Object Repository/Solicitar Servicio/SeleccionarBarrio"), "0110", true): All options with value '0110' are selected in object 'Object Repository/Solicitar Servicio/SeleccionarBarrio'  using regular expression&#xD;
&#xD;
2019-10-09 17:00:43 - [MESSAGE][PASSED] - All options with value '0110' are selected in object 'Object Repository/Solicitar Servicio/SeleccionarBarrio'  using regular expression&#xD;
&#xD;
2019-10-09 17:00:43 - [TEST_STEP][PASSED] - selectOptionByValue(findTestObject("Object Repository/Solicitar Servicio/SeleccionarTipoCalle"), "CL", true): All options with value 'CL' are selected in object 'Object Repository/Solicitar Servicio/SeleccionarTipoCalle'  using regular expression&#xD;
&#xD;
2019-10-09 17:01:28 - [MESSAGE][PASSED] - All options with value 'CL' are selected in object 'Object Repository/Solicitar Servicio/SeleccionarTipoCalle'  using regular expression&#xD;
&#xD;
2019-10-09 17:01:28 - [TEST_STEP][PASSED] - setText(findTestObject("Object Repository/Solicitar Servicio/input_Campo1"), "30"): Text '30' is set on object 'Object Repository/Solicitar Servicio/input_Campo1'&#xD;
&#xD;
2019-10-09 17:01:31 - [MESSAGE][PASSED] - Text '30' is set on object 'Object Repository/Solicitar Servicio/input_Campo1'&#xD;
&#xD;
2019-10-09 17:01:31 - [TEST_STEP][PASSED] - setText(findTestObject("Object Repository/Solicitar Servicio/input__Campo2"), "30"): Text '30' is set on object 'Object Repository/Solicitar Servicio/input__Campo2'&#xD;
&#xD;
2019-10-09 17:01:35 - [MESSAGE][PASSED] - Text '30' is set on object 'Object Repository/Solicitar Servicio/input__Campo2'&#xD;
&#xD;
2019-10-09 17:01:35 - [TEST_STEP][PASSED] - setText(findTestObject("Object Repository/Solicitar Servicio/input_Campo3"), "30"): Text '30' is set on object 'Object Repository/Solicitar Servicio/input_Campo3'&#xD;
&#xD;
2019-10-09 17:01:38 - [MESSAGE][PASSED] - Text '30' is set on object 'Object Repository/Solicitar Servicio/input_Campo3'&#xD;
&#xD;
2019-10-09 17:01:38 - [TEST_STEP][PASSED] - setText(findTestObject("Object Repository/Solicitar Servicio/input_Apartamento"), "9001"): Text '9001' is set on object 'Object Repository/Solicitar Servicio/input_Apartamento'&#xD;
&#xD;
2019-10-09 17:01:42 - [MESSAGE][PASSED] - Text '9001' is set on object 'Object Repository/Solicitar Servicio/input_Apartamento'&#xD;
&#xD;
2019-10-09 17:01:42 - [TEST_STEP][PASSED] - setText(findTestObject("Object Repository/Solicitar Servicio/input_Detalles"), "dirección prueba"): Text 'dirección prueba' is set on object 'Object Repository/Solicitar Servicio/input_Detalles'&#xD;
&#xD;
2019-10-09 17:01:45 - [MESSAGE][PASSED] - Text 'dirección prueba' is set on object 'Object Repository/Solicitar Servicio/input_Detalles'&#xD;
&#xD;
2019-10-09 17:01:45 - [TEST_STEP][PASSED] - click(findTestObject("Object Repository/Solicitar Servicio/button_Guardar")): Object: 'Object Repository/Solicitar Servicio/button_Guardar' is clicked on&#xD;
&#xD;
2019-10-09 17:01:47 - [MESSAGE][PASSED] - Object: 'Object Repository/Solicitar Servicio/button_Guardar' is clicked on&#xD;
&#xD;
2019-10-09 17:01:47 - [TEST_STEP][PASSED] - delay(15): Delayed 15 second(s)&#xD;
&#xD;
2019-10-09 17:02:02 - [MESSAGE][PASSED] - Delayed 15 second(s)&#xD;
&#xD;
2019-10-09 17:02:02 - [TEST_STEP][PASSED] - click(findTestObject("Object Repository/Solicitar Servicio/button_Confirmar")): Object: 'Object Repository/Solicitar Servicio/button_Confirmar' is clicked on&#xD;
&#xD;
2019-10-09 17:02:05 - [MESSAGE][PASSED] - Object: 'Object Repository/Solicitar Servicio/button_Confirmar' is clicked on&#xD;
&#xD;
2019-10-09 17:02:05 - [TEST_STEP][PASSED] - delay(15): Delayed 15 second(s)&#xD;
&#xD;
2019-10-09 17:02:20 - [MESSAGE][PASSED] - Delayed 15 second(s)&#xD;
&#xD;
2019-10-09 17:02:20 - [TEST_STEP][PASSED] - click(findTestObject("Object Repository/Solicitar Servicio/button_ACEPTAR")): Object: 'Object Repository/Solicitar Servicio/button_ACEPTAR' is clicked on&#xD;
&#xD;
2019-10-09 17:02:22 - [MESSAGE][PASSED] - Object: 'Object Repository/Solicitar Servicio/button_ACEPTAR' is clicked on&#xD;
&#xD;
2019-10-09 17:02:22 - [TEST_STEP][PASSED] - delay(20): Delayed 20 second(s)&#xD;
&#xD;
2019-10-09 17:02:42 - [MESSAGE][PASSED] - Delayed 20 second(s)</system-out>
            <system-err></system-err>
        </testcase>
        <system-out>2019-10-09 16:54:43 - [TEST_SUITE][INCOMPLETE] - IngresarDireccionNueva: null</system-out>
        <system-err>2019-10-09 16:54:43 - [TEST_SUITE][INCOMPLETE] - IngresarDireccionNueva: null</system-err>
    </testsuite>
</testsuites>
