<?xml version="1.0" encoding="UTF-8" standalone="yes"?>
<testsuites name="IngresarOpcionProgramaEmiBeneficios" time="77" tests="6" failures="0" errors="0">
    <testsuite name="IngresarOpcionProgramaEmiBeneficios" tests="6" failures="0" errors="0" time="77" timestamp="2019-10-15 16:03:51" hostname="Dzapatal - p-dzapatal.intergrupo.com" id="Test Suites/Modulo5_ Servicio Al Cliente/IngresarOpcionProgramaEmiBeneficios">
        <properties>
            <property name="deviceName" value=""/>
            <property name="devicePlatform" value=""/>
            <property name="logFolder" value="C:\\Users\\dzapatal\\git\\PortalClientes_Web\\Reports\\20191015_160348\\Modulo5_ Servicio Al Cliente\\IngresarOpcionProgramaEmiBeneficios\\20191015_160348"/>
            <property name="logFiles" value="C:\\Users\\dzapatal\\git\\PortalClientes_Web\\Reports\\20191015_160348\\Modulo5_ Servicio Al Cliente\\IngresarOpcionProgramaEmiBeneficios\\20191015_160348\\execution0.log"/>
            <property name="attachments" value=""/>
            <property name="hostName" value="Dzapatal - p-dzapatal.intergrupo.com"/>
            <property name="os" value="Windows 10 32bit"/>
            <property name="katalonVersion" value="6.3.0.1"/>
            <property name="browser" value="Chrome 77.0.3865.120"/>
            <property name="hostAddress" value="10.60.7.157"/>
            <property name="sessionId" value="5c55bab7ed87dedbce545d25b6d07207"/>
            <property name="seleniumVersion" value="3.141.59"/>
            <property name="proxyInformation" value="ProxyInformation{proxyOption=NO_PROXY, proxyServerType=HTTP, password=, proxyServerAddress=, proxyServerPort=0}"/>
            <property name="platform" value="Windows 10"/>
        </properties>
        <testcase name="Test Cases/Abrir Navegador/AbrirNavegador" classname="Test Cases/Abrir Navegador/AbrirNavegador" status="PASSED">
            <system-out>2019-10-15 16:03:51 - [TEST_CASE][PASSED] - Test Cases/Abrir Navegador/AbrirNavegador: Test Cases/Abrir Navegador/AbrirNavegador&#xD;
&#xD;
2019-10-15 16:03:51 - [TEST_STEP][PASSED] - openBrowser(""): Browser is opened with url: ''&#xD;
&#xD;
2019-10-15 16:03:52 - [MESSAGE][INFO] - Starting 'Chrome' driver&#xD;
&#xD;
2019-10-15 16:03:52 - [MESSAGE][INFO] - Action delay is set to 1 seconds&#xD;
&#xD;
2019-10-15 16:03:58 - [MESSAGE][PASSED] - Browser is opened with url: ''&#xD;
&#xD;
2019-10-15 16:03:58 - [TEST_STEP][PASSED] - maximizeWindow(): Current window maximized&#xD;
&#xD;
2019-10-15 16:04:00 - [MESSAGE][PASSED] - Current window maximized&#xD;
&#xD;
2019-10-15 16:04:00 - [TEST_STEP][PASSED] - navigateToUrl("https://test-portalclientesyventas-co.azurewebsites.net/login"): Navigate to 'https://test-portalclientesyventas-co.azurewebsites.net/login' successfully&#xD;
&#xD;
2019-10-15 16:04:10 - [MESSAGE][PASSED] - Navigate to 'https://test-portalclientesyventas-co.azurewebsites.net/login' successfully</system-out>
            <system-err></system-err>
        </testcase>
        <testcase name="Test Cases/Iniciar Sesion/IngresarInformacion" classname="Test Cases/Iniciar Sesion/IngresarInformacion" status="PASSED">
            <system-out>2019-10-15 16:04:10 - [TEST_CASE][PASSED] - Test Cases/Iniciar Sesion/IngresarInformacion: Test Cases/Iniciar Sesion/IngresarInformacion&#xD;
&#xD;
2019-10-15 16:04:10 - [TEST_STEP][PASSED] - navigateToUrl("https://test-portalclientesyventas-co.azurewebsites.net/login"): Navigate to 'https://test-portalclientesyventas-co.azurewebsites.net/login' successfully&#xD;
&#xD;
2019-10-15 16:04:11 - [MESSAGE][PASSED] - Navigate to 'https://test-portalclientesyventas-co.azurewebsites.net/login' successfully&#xD;
&#xD;
2019-10-15 16:04:11 - [TEST_STEP][PASSED] - setText(findTestObject("Object Repository/IniciarSesion/input_Correo electrnico_email"), "usuarioprueba1@yopmail.com"): Text 'usuarioprueba1@yopmail.com' is set on object 'Object Repository/IniciarSesion/input_Correo electrnico_email'&#xD;
&#xD;
2019-10-15 16:04:15 - [MESSAGE][PASSED] - Text 'usuarioprueba1@yopmail.com' is set on object 'Object Repository/IniciarSesion/input_Correo electrnico_email'&#xD;
&#xD;
2019-10-15 16:04:15 - [TEST_STEP][PASSED] - setEncryptedText(findTestObject("Object Repository/IniciarSesion/input_Contrasea_password"), "zpitzbFj1P6iY2h+x2z5qA=="): Text ****** has been set on object 'Object Repository/IniciarSesion/input_Contrasea_password'&#xD;
&#xD;
2019-10-15 16:04:19 - [MESSAGE][PASSED] - Text ****** has been set on object 'Object Repository/IniciarSesion/input_Contrasea_password'</system-out>
            <system-err></system-err>
        </testcase>
        <testcase name="Test Cases/Iniciar Sesion/SeleccionarBoton_Ingresar" classname="Test Cases/Iniciar Sesion/SeleccionarBoton_Ingresar" status="PASSED">
            <system-out>2019-10-15 16:04:19 - [TEST_CASE][PASSED] - Test Cases/Iniciar Sesion/SeleccionarBoton_Ingresar: Test Cases/Iniciar Sesion/SeleccionarBoton_Ingresar&#xD;
&#xD;
2019-10-15 16:04:19 - [TEST_STEP][PASSED] - click(findTestObject("IniciarSesion/button_INGRESAR")): Object: 'Object Repository/IniciarSesion/button_INGRESAR' is clicked on&#xD;
&#xD;
2019-10-15 16:04:21 - [MESSAGE][PASSED] - Object: 'Object Repository/IniciarSesion/button_INGRESAR' is clicked on&#xD;
&#xD;
2019-10-15 16:04:21 - [TEST_STEP][PASSED] - delay(25): Delayed 25 second(s)&#xD;
&#xD;
2019-10-15 16:04:46 - [MESSAGE][PASSED] - Delayed 25 second(s)</system-out>
            <system-err></system-err>
        </testcase>
        <testcase name="Test Cases/Servicio Al Cliente/SeleccionarOpcionServicioAlCliente" classname="Test Cases/Servicio Al Cliente/SeleccionarOpcionServicioAlCliente" status="PASSED">
            <system-out>2019-10-15 16:04:46 - [TEST_CASE][PASSED] - Test Cases/Servicio Al Cliente/SeleccionarOpcionServicioAlCliente: Test Cases/Servicio Al Cliente/SeleccionarOpcionServicioAlCliente&#xD;
&#xD;
2019-10-15 16:04:47 - [TEST_STEP][PASSED] - click(findTestObject("Object Repository/Servicio Al Cliente/a_Servicio al Cliente")): Object: 'Object Repository/Servicio Al Cliente/a_Servicio al Cliente' is clicked on&#xD;
&#xD;
2019-10-15 16:04:49 - [MESSAGE][PASSED] - Object: 'Object Repository/Servicio Al Cliente/a_Servicio al Cliente' is clicked on</system-out>
            <system-err></system-err>
        </testcase>
        <testcase name="Test Cases/Servicio Al Cliente/PreguntasFrecuentes/SeleccionarPreguntasFrecuentes" classname="Test Cases/Servicio Al Cliente/PreguntasFrecuentes/SeleccionarPreguntasFrecuentes" status="PASSED">
            <system-out>2019-10-15 16:04:49 - [TEST_CASE][PASSED] - Test Cases/Servicio Al Cliente/PreguntasFrecuentes/SeleccionarPreguntasFrecuentes: Test Cases/Servicio Al Cliente/PreguntasFrecuentes/SeleccionarPreguntasFrecuentes&#xD;
&#xD;
2019-10-15 16:04:49 - [TEST_STEP][PASSED] - click(findTestObject("Object Repository/Servicio Al Cliente/a_Preguntas frecuentes")): Object: 'Object Repository/Servicio Al Cliente/a_Preguntas frecuentes' is clicked on&#xD;
&#xD;
2019-10-15 16:04:52 - [MESSAGE][PASSED] - Object: 'Object Repository/Servicio Al Cliente/a_Preguntas frecuentes' is clicked on</system-out>
            <system-err></system-err>
        </testcase>
        <testcase name="Test Cases/Servicio Al Cliente/PreguntasFrecuentes/SeleccionarProgramaEmiBeneficios" classname="Test Cases/Servicio Al Cliente/PreguntasFrecuentes/SeleccionarProgramaEmiBeneficios" status="PASSED">
            <system-out>2019-10-15 16:04:52 - [TEST_CASE][PASSED] - Test Cases/Servicio Al Cliente/PreguntasFrecuentes/SeleccionarProgramaEmiBeneficios: Test Cases/Servicio Al Cliente/PreguntasFrecuentes/SeleccionarProgramaEmiBeneficios&#xD;
&#xD;
2019-10-15 16:04:52 - [TEST_STEP][PASSED] - click(findTestObject("Object Repository/Servicio Al Cliente/a_Programa emi Beneficios")): Object: 'Object Repository/Servicio Al Cliente/a_Programa emi Beneficios' is clicked on&#xD;
&#xD;
2019-10-15 16:04:54 - [MESSAGE][PASSED] - Object: 'Object Repository/Servicio Al Cliente/a_Programa emi Beneficios' is clicked on&#xD;
&#xD;
2019-10-15 16:04:54 - [TEST_STEP][PASSED] - delay(10): Delayed 10 second(s)&#xD;
&#xD;
2019-10-15 16:05:04 - [MESSAGE][PASSED] - Delayed 10 second(s)&#xD;
&#xD;
2019-10-15 16:05:04 - [TEST_STEP][PASSED] - click(findTestObject("Object Repository/Servicio Al Cliente/h3_Programa emi Beneficios")): Object: 'Object Repository/Servicio Al Cliente/h3_Programa emi Beneficios' is clicked on&#xD;
&#xD;
2019-10-15 16:05:06 - [MESSAGE][PASSED] - Object: 'Object Repository/Servicio Al Cliente/h3_Programa emi Beneficios' is clicked on&#xD;
&#xD;
2019-10-15 16:05:06 - [TEST_STEP][PASSED] - result = getText(findTestObject("Object Repository/Servicio Al Cliente/h3_Programa emi Beneficios")): Text of object 'Object Repository/Servicio Al Cliente/h3_Programa emi Beneficios' is: 'Programa emi Beneficios'&#xD;
&#xD;
2019-10-15 16:05:09 - [MESSAGE][PASSED] - Text of object 'Object Repository/Servicio Al Cliente/h3_Programa emi Beneficios' is: 'Programa emi Beneficios'&#xD;
&#xD;
2019-10-15 16:05:09 - [TEST_STEP][PASSED] - out.println(result): null&#xD;
&#xD;
2019-10-15 16:05:09 - [TEST_STEP][PASSED] - verifyEqual(result, "Programa emi Beneficios"): Actual object 'Programa emi Beneficios' and expected object 'Programa emi Beneficios' are equal&#xD;
&#xD;
2019-10-15 16:05:09 - [MESSAGE][PASSED] - Actual object 'Programa emi Beneficios' and expected object 'Programa emi Beneficios' are equal</system-out>
            <system-err></system-err>
        </testcase>
        <system-out>2019-10-15 16:03:51 - [TEST_SUITE][INCOMPLETE] - IngresarOpcionProgramaEmiBeneficios: null</system-out>
        <system-err>2019-10-15 16:03:51 - [TEST_SUITE][INCOMPLETE] - IngresarOpcionProgramaEmiBeneficios: null</system-err>
    </testsuite>
</testsuites>
